<?xml version="1.0" encoding="UTF-8"?>
<robot generator="Robot 3.1.1 (Python 3.7.2 on win32)" generated="20190822 15:17:39.795" rpa="false">
<suite id="s1" name="PTA.creerUneExigenceDansStevia" source="C:\robot\deploy\TAAP-Outillage\suites\PTA.creerUneExigenceDansStevia.robot">
<test id="s1-t1" name="Creer Une Exigence Dans Stevia">
<kw name="Given Le CLS Se Connecte Sur STEVIA" library="PTA.gherkinStevia">
<doc>connexion du CLS sur STEVIA</doc>
<kw name="Se Connecter" library="PTA.services">
<doc>Parcours STEVIA de connexion</doc>
<arguments>
<arg>${LE_CLS}</arg>
</arguments>
<msg timestamp="20190822 15:17:42.452" level="FAIL">Variable '${LE_CLS}' not found.</msg>
<status status="FAIL" starttime="20190822 15:17:42.450" endtime="20190822 15:17:42.453"></status>
</kw>
<status status="FAIL" starttime="20190822 15:17:42.450" endtime="20190822 15:17:42.453"></status>
</kw>
<doc>Création d'une exigence dans Stevia</doc>
<tags>
<tag>CREATION_EXIGENCE</tag>
</tags>
<status status="FAIL" starttime="20190822 15:17:42.448" endtime="20190822 15:17:42.453" critical="yes">Variable '${LE_CLS}' not found.</status>
</test>
<doc>Création d'une exigence dans Stevia</doc>
<status status="FAIL" starttime="20190822 15:17:39.798" endtime="20190822 15:17:42.454"></status>
</suite>
<statistics>
<total>
<stat pass="0" fail="1">Critical Tests</stat>
<stat pass="0" fail="1">All Tests</stat>
</total>
<tag>
<stat pass="0" fail="1">CREATION_EXIGENCE</stat>
</tag>
<suite>
<stat pass="0" fail="1" id="s1" name="PTA.creerUneExigenceDansStevia">PTA.creerUneExigenceDansStevia</stat>
</suite>
</statistics>
<errors>
<msg timestamp="20190822 15:17:40.446" level="ERROR">Error in file 'C:\robot\deploy\TAAP-Outillage\suites\PTA.creerUneExigenceDansStevia.robot': Setting variable '&amp;{LE_CLS}' failed: Environment variable '%{MY_TAAP_AUTH_CLS_USER}' not found.</msg>
<msg timestamp="20190822 15:17:40.447" level="ERROR">Error in file 'C:\robot\deploy\taap-robot\socle\resources\autowin.robot': Initializing test library 'opencv' with no arguments failed: Variable '${LE_CLS}' not found.
</msg>
<msg timestamp="20190822 15:17:42.436" level="ERROR">Error in file 'C:\robot\deploy\taap-robot\application\PTA\resources\XlApprouver.robot': Setting variable '&amp;{APPROUVER_XL}' failed: Environment variable '%{MY_TESTS}' not found.</msg>
<msg timestamp="20190822 15:17:42.440" level="ERROR">Error in file 'C:\robot\deploy\taap-robot\application\PTA\resources\PTA.pageBandeau.robot': Setting variable '${CLIC_APP}' failed: Environment variable '%{MY_APPLI}' not found.</msg>
</errors>
</robot>
