<?xml version="1.0" encoding="UTF-8"?>
<robot generator="Robot 3.1.1 (Python 3.7.2 on win32)" generated="20190717 14:14:38.256" rpa="false">
<suite id="s1" name="Peach" source="C:\Users\Public\Documents\deploy\peach\suites\peach.robot">
<test id="s1-t1" name="Traiter La Partie Bilan D Une Rfc">
<kw name="Given Se Connecter En Tant Que RT-TRA" library="peach.gherkin">
<doc>Se connecter à Peach en tant que RT-TRA</doc>
<kw name="S'authentifier Sur Peach" library="peach.pageConnexion">
<arguments>
<arg>${THE_USER}</arg>
</arguments>
<kw name="Aller Sur La Page De Connexion De L'environnement" library="peach.pageConnexion">
<doc>ouvrir le navigateur et aller sur la page de pageConnexion</doc>
<kw name="Fixer L Url De Base" library="web">
<doc>Positionner l'url de base en fonction de l'environnement.</doc>
<arguments>
<arg>${TAAP_PEACH}</arg>
</arguments>
<kw name="Get From Dictionary" library="Collections">
<doc>Returns a value from the given ``dictionary`` based on the given ``key``.</doc>
<arguments>
<arg>${myAppEnvSettings}</arg>
<arg>%{MY_PFV}</arg>
</arguments>
<assign>
<var>${WEB_BASE_URL}</var>
</assign>
<msg timestamp="20190717 14:14:40.482" level="INFO">${WEB_BASE_URL} = https://mco.mysi.gate-noe.enedis.fr</msg>
<status status="PASS" starttime="20190717 14:14:40.482" endtime="20190717 14:14:40.483"></status>
</kw>
<kw name="Set Suite Variable" library="BuiltIn">
<doc>Makes a variable available everywhere within the scope of the current suite.</doc>
<arguments>
<arg>${WEB_BASE_URL}</arg>
</arguments>
<msg timestamp="20190717 14:14:40.483" level="INFO">${WEB_BASE_URL} = https://mco.mysi.gate-noe.enedis.fr</msg>
<status status="PASS" starttime="20190717 14:14:40.483" endtime="20190717 14:14:40.483"></status>
</kw>
<status status="PASS" starttime="20190717 14:14:40.481" endtime="20190717 14:14:40.484"></status>
</kw>
<kw name="Naviguer Avec Le Browser Vers Le Site" library="web">
<doc>Ouvrir le navigateur myBrowser ou MY_BROWSER par défaut, se positionner sur l'URL et vérifier la présence du texte sur la page.</doc>
<arguments>
<arg>${peach_CONNEXION.uri}</arg>
<arg>Authentification</arg>
</arguments>
<kw name="Obtenir Url A Partir Uri" library="web">
<doc>Construction de l'url a partir de l'uri et de l'url de base de l'environnement.</doc>
<arguments>
<arg>${myUri}</arg>
</arguments>
<assign>
<var>${gotoUrl}</var>
</assign>
<kw name="Set Variable" library="BuiltIn">
<doc>Returns the given values which can then be assigned to a variables.</doc>
<arguments>
<arg>${WEB_BASE_URL}/${myUri}</arg>
</arguments>
<assign>
<var>${url}</var>
</assign>
<msg timestamp="20190717 14:14:40.486" level="INFO">${url} = https://mco.mysi.gate-noe.enedis.fr//OI_MOM/rfc.jsp</msg>
<status status="PASS" starttime="20190717 14:14:40.485" endtime="20190717 14:14:40.486"></status>
</kw>
<msg timestamp="20190717 14:14:40.486" level="INFO">${gotoUrl} = https://mco.mysi.gate-noe.enedis.fr//OI_MOM/rfc.jsp</msg>
<status status="PASS" starttime="20190717 14:14:40.485" endtime="20190717 14:14:40.486"></status>
</kw>
<kw name="Sur Mon Navigateur" library="web">
<doc>Aiguillage en fonction de la variable Jenkins MY_DEVICE.</doc>
<arguments>
<arg>Naviguer Avec Le Browser Vers Le Site</arg>
<arg>${gotoUrl}</arg>
<arg>${myExpectedText}</arg>
<arg>${myBrowser}</arg>
<arg>${myDownloadPath}</arg>
</arguments>
<kw name="Get Environment Variable" library="OperatingSystem">
<doc>Returns the value of an environment variable with the given name.</doc>
<arguments>
<arg>MY_DEVICE</arg>
<arg>default=PC</arg>
</arguments>
<assign>
<var>${theDevice}</var>
</assign>
<msg timestamp="20190717 14:14:40.488" level="INFO">${theDevice} = PC</msg>
<status status="PASS" starttime="20190717 14:14:40.487" endtime="20190717 14:14:40.488"></status>
</kw>
<kw name="Run Keyword And Ignore Error" library="BuiltIn">
<doc>Runs the given keyword with the given arguments and ignores possible error.</doc>
<arguments>
<arg>Get From Dictionary</arg>
<arg>${TAAP_DEVICES}</arg>
<arg>${theDevice}libraryName</arg>
</arguments>
<assign>
<var>${passed}</var>
<var>${libraryName}</var>
</assign>
<kw name="Get From Dictionary" library="Collections">
<doc>Returns a value from the given ``dictionary`` based on the given ``key``.</doc>
<arguments>
<arg>${TAAP_DEVICES}</arg>
<arg>${theDevice}libraryName</arg>
</arguments>
<status status="PASS" starttime="20190717 14:14:40.489" endtime="20190717 14:14:40.489"></status>
</kw>
<msg timestamp="20190717 14:14:40.489" level="INFO">${passed} = PASS</msg>
<msg timestamp="20190717 14:14:40.489" level="INFO">${libraryName} = selenium</msg>
<status status="PASS" starttime="20190717 14:14:40.488" endtime="20190717 14:14:40.489"></status>
</kw>
<kw name="Set Variable If" library="BuiltIn">
<doc>Sets variable based on the given condition.</doc>
<arguments>
<arg>'${passed}'=='PASS'</arg>
<arg>${libraryName}</arg>
<arg>selenium</arg>
</arguments>
<assign>
<var>${libraryName}</var>
</assign>
<msg timestamp="20190717 14:14:40.490" level="INFO">${libraryName} = selenium</msg>
<status status="PASS" starttime="20190717 14:14:40.489" endtime="20190717 14:14:40.490"></status>
</kw>
<kw name="Run Keyword" library="BuiltIn">
<doc>Executes the given keyword with the given arguments.</doc>
<arguments>
<arg>${libraryName}.${myKeyword}</arg>
<arg>@{myVarargs}</arg>
</arguments>
<assign>
<var>${returnValue}</var>
</assign>
<kw name="Naviguer Avec Le Browser Vers Le Site" library="selenium">
<doc>Ouvrir le navigateur myBrowser ou MY_BROWSER par défaut, se positionner sur l'URL et vérifier la présence du texte sur la page.</doc>
<arguments>
<arg>@{myVarargs}</arg>
</arguments>
<kw name="Set Variable" library="BuiltIn">
<doc>Returns the given values which can then be assigned to a variables.</doc>
<arguments>
<arg>selenium.Ouvrir ${myBrowser}</arg>
</arguments>
<assign>
<var>${keywordWithBrowser}</var>
</assign>
<msg timestamp="20190717 14:14:40.492" level="INFO">${keywordWithBrowser} = selenium.Ouvrir firefox</msg>
<status status="PASS" starttime="20190717 14:14:40.491" endtime="20190717 14:14:40.492"></status>
</kw>
<kw name="Run Keyword" library="BuiltIn">
<doc>Executes the given keyword with the given arguments.</doc>
<arguments>
<arg>${keywordWithBrowser}</arg>
<arg>${myDownloadPath}</arg>
</arguments>
<kw name="Ouvrir Firefox" library="selenium">
<arguments>
<arg>${myDownloadPath}</arg>
</arguments>
<kw name="Initialiser Selenium" library="selenium">
<doc>Préparer l'initialisation de Selenium.</doc>
<kw name="Set Environment Variable" library="OperatingSystem">
<doc>Sets an environment variable to a specified value.</doc>
<arguments>
<arg>PATH</arg>
<arg>%{PATH};${WEB_PATH2WEBDRIVER}</arg>
</arguments>
<msg timestamp="20190717 14:14:40.494" level="INFO">Environment variable 'PATH' set to value 'C:\ProgramData\Oracle\Java\javapath;C:\WINDOWS\system32;C:\WINDOWS;C:\WINDOWS\System32\Wbem;C:\WINDOWS\System32\WindowsPowerShell\v1.0\;C:\WINDOWS\System32\OpenSSH\;c:\Program Files\Microsoft Data Protection Manager\DPM\bin\VDDK\bin\;C:\Users\YP71E45N\scoop\shims;C:\Python\Scripts\;C:\Python\;C:\Users\YP71E45N\AppData\Local\Programs\Python\Launcher\;C:\Users\YP71E45N\AppData\Local\Microsoft\WindowsApps;C:\Users\YP71E45N\AppData\Local\atom\bin;C:\Users\YP71E45N\AppData\Local\Programs\Git\cmd;C:\Python\geckodriver.exe;C:\Users\YP71E45N\Enedis\robot\run\geckodriver.exe;C:\Users\YP71E45N\Enedis\robot\enedis.taap\socle-automatisation\utils\webdriver\geckodriver.exe;C:\Users\YP71E45N\Enedis\robot\run\geckodriver-v0.24.0-win64\geckodriver.exe;;C:\Python\lib\site-packages\pywin32_system32;C:\Python\lib\site-packages\numpy\.libs;C:\Users\Public\Documents\app\webdriver'.</msg>
<status status="PASS" starttime="20190717 14:14:40.494" endtime="20190717 14:14:40.494"></status>
</kw>
<kw name="Set Selenium Implicit Wait" library="SeleniumLibrary">
<doc>Sets the implicit wait value used by Selenium.</doc>
<arguments>
<arg>10</arg>
</arguments>
<status status="PASS" starttime="20190717 14:14:40.494" endtime="20190717 14:14:40.495"></status>
</kw>
<status status="PASS" starttime="20190717 14:14:40.493" endtime="20190717 14:14:40.495"></status>
</kw>
<kw name="Generer Le Webdriver" library="selenium">
<doc>Créer un Webdriver selon le système utilisé.
Mot clé pour le projet TAAP.
*LS* : CE-Conduite_Echange</doc>
<arguments>
<arg>Firefox</arg>
<arg>${myDownloadPath}</arg>
</arguments>
<kw name="Run Keyword If" library="BuiltIn">
<doc>Runs the given keyword with the given arguments, if ``condition`` is true.</doc>
<arguments>
<arg>"""${myBrowser}"""=="""Firefox"""</arg>
<arg>selenium.Creer Le Webdriver Firefox</arg>
<arg>${myDownloadPath}</arg>
<arg>ELSE IF</arg>
<arg>"""${myBrowser}"""=="""Chrome"""</arg>
<arg>selenium.Ouvrir Chrome</arg>
<arg>ELSE</arg>
<arg>SeleniumLibrary.Create Webdriver</arg>
<arg>Ie</arg>
<arg>${PATH2BROWSER}[Ie]</arg>
</arguments>
<kw name="Creer Le Webdriver Firefox" library="selenium">
<doc>Créer un Webdriver pour Firefox.
Mot clé pour le projet TAAP.</doc>
<arguments>
<arg>${myDownloadPath}</arg>
</arguments>
<kw name="Initialiser Selenium" library="selenium">
<doc>Préparer l'initialisation de Selenium.</doc>
<kw name="Set Environment Variable" library="OperatingSystem">
<doc>Sets an environment variable to a specified value.</doc>
<arguments>
<arg>PATH</arg>
<arg>%{PATH};${WEB_PATH2WEBDRIVER}</arg>
</arguments>
<msg timestamp="20190717 14:14:40.498" level="INFO">Environment variable 'PATH' set to value 'C:\ProgramData\Oracle\Java\javapath;C:\WINDOWS\system32;C:\WINDOWS;C:\WINDOWS\System32\Wbem;C:\WINDOWS\System32\WindowsPowerShell\v1.0\;C:\WINDOWS\System32\OpenSSH\;c:\Program Files\Microsoft Data Protection Manager\DPM\bin\VDDK\bin\;C:\Users\YP71E45N\scoop\shims;C:\Python\Scripts\;C:\Python\;C:\Users\YP71E45N\AppData\Local\Programs\Python\Launcher\;C:\Users\YP71E45N\AppData\Local\Microsoft\WindowsApps;C:\Users\YP71E45N\AppData\Local\atom\bin;C:\Users\YP71E45N\AppData\Local\Programs\Git\cmd;C:\Python\geckodriver.exe;C:\Users\YP71E45N\Enedis\robot\run\geckodriver.exe;C:\Users\YP71E45N\Enedis\robot\enedis.taap\socle-automatisation\utils\webdriver\geckodriver.exe;C:\Users\YP71E45N\Enedis\robot\run\geckodriver-v0.24.0-win64\geckodriver.exe;;C:\Python\lib\site-packages\pywin32_system32;C:\Python\lib\site-packages\numpy\.libs;C:\Users\Public\Documents\app\webdriver;C:\Users\Public\Documents\app\webdriver'.</msg>
<status status="PASS" starttime="20190717 14:14:40.498" endtime="20190717 14:14:40.498"></status>
</kw>
<kw name="Set Selenium Implicit Wait" library="SeleniumLibrary">
<doc>Sets the implicit wait value used by Selenium.</doc>
<arguments>
<arg>10</arg>
</arguments>
<status status="PASS" starttime="20190717 14:14:40.498" endtime="20190717 14:14:40.499"></status>
</kw>
<status status="PASS" starttime="20190717 14:14:40.497" endtime="20190717 14:14:40.499"></status>
</kw>
<kw name="Evaluate" library="BuiltIn">
<doc>Evaluates the given expression in Python and returns the results.</doc>
<arguments>
<arg>sys.modules['selenium.webdriver'].common.desired_capabilities.DesiredCapabilities.FIREFOX</arg>
<arg>sys</arg>
</arguments>
<assign>
<var>${caps}</var>
</assign>
<msg timestamp="20190717 14:14:40.500" level="INFO">${caps} = {'browserName': 'firefox', 'marionette': True, 'acceptInsecureCerts': True}</msg>
<status status="PASS" starttime="20190717 14:14:40.499" endtime="20190717 14:14:40.500"></status>
</kw>
<kw name="Set To Dictionary" library="Collections">
<doc>Adds the given ``key_value_pairs`` and ``items`` to the ``dictionary``.</doc>
<arguments>
<arg>${caps}</arg>
<arg>marionette=${True}</arg>
</arguments>
<status status="PASS" starttime="20190717 14:14:40.500" endtime="20190717 14:14:40.501"></status>
</kw>
<kw name="Obtenir Le Profil Pour Le Driver Firefox" library="selenium">
<doc>Créer un profil spécifique pour lancer Firefox sur la machine.
Mot clé pour le projet TAAP.
*LS* : CE-Conduite_Echange</doc>
<arguments>
<arg>${myDownloadPath}</arg>
</arguments>
<assign>
<var>${profile}</var>
</assign>
<kw name="Evaluate" library="BuiltIn">
<doc>Evaluates the given expression in Python and returns the results.</doc>
<arguments>
<arg>sys.modules['selenium.webdriver'].FirefoxProfile()</arg>
<arg>sys, selenium.webdriver</arg>
</arguments>
<assign>
<var>${profile}</var>
</assign>
<msg timestamp="20190717 14:14:40.503" level="INFO">${profile} = &lt;selenium.webdriver.firefox.firefox_profile.FirefoxProfile object at 0x09640E50&gt;</msg>
<status status="PASS" starttime="20190717 14:14:40.502" endtime="20190717 14:14:40.503"></status>
</kw>
<kw name="Call Method" library="BuiltIn">
<doc>Calls the named method of the given object with the provided arguments.</doc>
<arguments>
<arg>${profile}</arg>
<arg>set_preference</arg>
<arg>browser.download.folderList</arg>
<arg>${2}</arg>
</arguments>
<status status="PASS" starttime="20190717 14:14:40.504" endtime="20190717 14:14:40.504"></status>
</kw>
<kw name="Call Method" library="BuiltIn">
<doc>Calls the named method of the given object with the provided arguments.</doc>
<arguments>
<arg>${profile}</arg>
<arg>set_preference</arg>
<arg>browser.download.manager.showWhenStarting</arg>
<arg>${False}</arg>
</arguments>
<status status="PASS" starttime="20190717 14:14:40.504" endtime="20190717 14:14:40.504"></status>
</kw>
<kw name="Call Method" library="BuiltIn">
<doc>Calls the named method of the given object with the provided arguments.</doc>
<arguments>
<arg>${profile}</arg>
<arg>set_preference</arg>
<arg>browser.download.dir</arg>
<arg>${myDownloadPath}</arg>
</arguments>
<status status="PASS" starttime="20190717 14:14:40.505" endtime="20190717 14:14:40.505"></status>
</kw>
<kw name="Call Method" library="BuiltIn">
<doc>Calls the named method of the given object with the provided arguments.</doc>
<arguments>
<arg>${profile}</arg>
<arg>set_preference</arg>
<arg>browser.download.manager.alertOnEXEOpen</arg>
<arg>${False}</arg>
</arguments>
<status status="PASS" starttime="20190717 14:14:40.505" endtime="20190717 14:14:40.506"></status>
</kw>
<kw name="Call Method" library="BuiltIn">
<doc>Calls the named method of the given object with the provided arguments.</doc>
<arguments>
<arg>${profile}</arg>
<arg>set_preference</arg>
<arg>browser.download.manager.focusWhenStarting</arg>
<arg>${False}</arg>
</arguments>
<status status="PASS" starttime="20190717 14:14:40.506" endtime="20190717 14:14:40.507"></status>
</kw>
<kw name="Call Method" library="BuiltIn">
<doc>Calls the named method of the given object with the provided arguments.</doc>
<arguments>
<arg>${profile}</arg>
<arg>set_preference</arg>
<arg>browser.download.manager.useWindow</arg>
<arg>${False}</arg>
</arguments>
<status status="PASS" starttime="20190717 14:14:40.507" endtime="20190717 14:14:40.507"></status>
</kw>
<kw name="Call Method" library="BuiltIn">
<doc>Calls the named method of the given object with the provided arguments.</doc>
<arguments>
<arg>${profile}</arg>
<arg>set_preference</arg>
<arg>browser.download.manager.closeWhenDone</arg>
<arg>${True}</arg>
</arguments>
<status status="PASS" starttime="20190717 14:14:40.507" endtime="20190717 14:14:40.508"></status>
</kw>
<kw name="Call Method" library="BuiltIn">
<doc>Calls the named method of the given object with the provided arguments.</doc>
<arguments>
<arg>${profile}</arg>
<arg>set_preference</arg>
<arg>services.sync.prefs.sync.browser.download.manager.showWhenStarting</arg>
<arg>${False}</arg>
</arguments>
<status status="PASS" starttime="20190717 14:14:40.508" endtime="20190717 14:14:40.508"></status>
</kw>
<kw name="Call Method" library="BuiltIn">
<doc>Calls the named method of the given object with the provided arguments.</doc>
<arguments>
<arg>${profile}</arg>
<arg>set_preference</arg>
<arg>browser.helperApps.neverAsk.openFile</arg>
<arg>application/csv</arg>
</arguments>
<status status="PASS" starttime="20190717 14:14:40.509" endtime="20190717 14:14:40.509"></status>
</kw>
<kw name="Call Method" library="BuiltIn">
<doc>Calls the named method of the given object with the provided arguments.</doc>
<arguments>
<arg>${profile}</arg>
<arg>set_preference</arg>
<arg>browser.helperApps.neverAsk.saveToDisk</arg>
<arg>application/msword, text/xml, application/csv, application/ris, text/csv, image/png, application/pdf, text/html, text/plain, application/zip, application/x-zip, application/x-zip-compressed, application${/}download, application/octet-stream, application/xls, text/csv, application/vnd.openxmlformats-officedocument.spreadsheetml.sheet</arg>
</arguments>
<status status="PASS" starttime="20190717 14:14:40.509" endtime="20190717 14:14:40.510"></status>
</kw>
<kw name="Call Method" library="BuiltIn">
<doc>Calls the named method of the given object with the provided arguments.</doc>
<arguments>
<arg>${profile}</arg>
<arg>set_preference</arg>
<arg>browser.helperApps.alwaysAsk.force</arg>
<arg>${False}</arg>
</arguments>
<status status="PASS" starttime="20190717 14:14:40.510" endtime="20190717 14:14:40.510"></status>
</kw>
<kw name="Call Method" library="BuiltIn">
<doc>Calls the named method of the given object with the provided arguments.</doc>
<arguments>
<arg>${profile}</arg>
<arg>set_preference</arg>
<arg>browser.download.manager.showAlertOnComplete</arg>
<arg>${False}</arg>
</arguments>
<status status="PASS" starttime="20190717 14:14:40.510" endtime="20190717 14:14:40.511"></status>
</kw>
<kw name="Call Method" library="BuiltIn">
<doc>Calls the named method of the given object with the provided arguments.</doc>
<arguments>
<arg>${profile}</arg>
<arg>set_preference</arg>
<arg>browser.download.manager.closeWhenDone</arg>
<arg>${False}</arg>
</arguments>
<status status="PASS" starttime="20190717 14:14:40.511" endtime="20190717 14:14:40.511"></status>
</kw>
<kw name="Call Method" library="BuiltIn">
<doc>Calls the named method of the given object with the provided arguments.</doc>
<arguments>
<arg>${profile}</arg>
<arg>update_preferences</arg>
</arguments>
<status status="PASS" starttime="20190717 14:14:40.511" endtime="20190717 14:14:40.514"></status>
</kw>
<msg timestamp="20190717 14:14:40.514" level="INFO">${profile} = &lt;selenium.webdriver.firefox.firefox_profile.FirefoxProfile object at 0x09640E50&gt;</msg>
<status status="PASS" starttime="20190717 14:14:40.501" endtime="20190717 14:14:40.514"></status>
</kw>
<kw name="Create Webdriver" library="SeleniumLibrary">
<doc>Creates an instance of Selenium WebDriver.</doc>
<arguments>
<arg>Firefox</arg>
<arg>firefox_binary=${PATH2BROWSER}[Firefox]</arg>
<arg>capabilities=${caps}</arg>
<arg>firefox_profile=${profile}</arg>
</arguments>
<msg timestamp="20190717 14:14:40.516" level="INFO">Creating an instance of the Firefox WebDriver.</msg>
<status status="PASS" starttime="20190717 14:14:40.515" endtime="20190717 14:14:48.771"></status>
</kw>
<status status="PASS" starttime="20190717 14:14:40.497" endtime="20190717 14:14:48.771"></status>
</kw>
<status status="PASS" starttime="20190717 14:14:40.496" endtime="20190717 14:14:48.771"></status>
</kw>
<status status="PASS" starttime="20190717 14:14:40.495" endtime="20190717 14:14:48.771"></status>
</kw>
<kw name="Maximize Browser Window" library="SeleniumLibrary">
<doc>Maximizes current browser window.</doc>
<status status="PASS" starttime="20190717 14:14:48.771" endtime="20190717 14:14:48.780"></status>
</kw>
<kw name="Delete All Cookies" library="SeleniumLibrary">
<doc>Deletes all cookies.</doc>
<status status="PASS" starttime="20190717 14:14:48.781" endtime="20190717 14:14:48.786"></status>
</kw>
<status status="PASS" starttime="20190717 14:14:40.493" endtime="20190717 14:14:48.786"></status>
</kw>
<status status="PASS" starttime="20190717 14:14:40.492" endtime="20190717 14:14:48.786"></status>
</kw>
<kw name="Aller Vers Le Site" library="selenium">
<doc>Charger l'URL.</doc>
<arguments>
<arg>${myUrl}</arg>
<arg>${myExpectedText}</arg>
</arguments>
<kw name="Debug" library="log">
<doc>Créer un log de débogage.</doc>
<arguments>
<arg>Je vais vers le site ${myUrl}</arg>
</arguments>
<kw name="Mettre En Couleur" library="log">
<doc>Mettre un log en couleur dans la console durant l'exécution.</doc>
<arguments>
<arg>grey</arg>
<arg>${myMessage}</arg>
<arg>DEBUG</arg>
</arguments>
<kw name="Evaluate" library="BuiltIn">
<doc>Evaluates the given expression in Python and returns the results.</doc>
<arguments>
<arg>${LOG_COLORS.${myColor}}</arg>
</arguments>
<assign>
<var>${e_color}</var>
</assign>
<msg timestamp="20190717 14:14:48.791" level="INFO">${e_color} = [37m</msg>
<status status="PASS" starttime="20190717 14:14:48.790" endtime="20190717 14:14:48.792"></status>
</kw>
<kw name="Evaluate" library="BuiltIn">
<doc>Evaluates the given expression in Python and returns the results.</doc>
<arguments>
<arg>${LOG_COLORS.normal}</arg>
</arguments>
<assign>
<var>${default}</var>
</assign>
<msg timestamp="20190717 14:14:48.794" level="INFO">${default} = [0m</msg>
<status status="PASS" starttime="20190717 14:14:48.793" endtime="20190717 14:14:48.794"></status>
</kw>
<kw name="Obtenir Timestamp" library="log">
<doc>Obtenir l'heure courante.</doc>
<assign>
<var>${date}</var>
</assign>
<kw name="Get Current Date" library="DateTime">
<doc>Returns current local or UTC time with an optional increment.</doc>
<arguments>
<arg>result_format=%Y-%m-%d %H:%M:%S</arg>
</arguments>
<assign>
<var>${timeStamp}</var>
</assign>
<msg timestamp="20190717 14:14:48.796" level="INFO">${timeStamp} = 2019-07-17 14:14:48</msg>
<status status="PASS" starttime="20190717 14:14:48.796" endtime="20190717 14:14:48.796"></status>
</kw>
<msg timestamp="20190717 14:14:48.797" level="INFO">${date} = 2019-07-17 14:14:48</msg>
<status status="PASS" starttime="20190717 14:14:48.795" endtime="20190717 14:14:48.797"></status>
</kw>
<kw name="Set Variable" library="BuiltIn">
<doc>Returns the given values which can then be assigned to a variables.</doc>
<arguments>
<arg>${date} [${e_color}${myLevel}${default}] ${e_color}${myMessage}${default}</arg>
</arguments>
<assign>
<var>${log}</var>
</assign>
<msg timestamp="20190717 14:14:48.798" level="INFO">${log} = 2019-07-17 14:14:48 [[37mDEBUG[0m] [37mJe vais vers le site https://mco.mysi.gate-noe.enedis.fr//OI_MOM/rfc.jsp[0m</msg>
<status status="PASS" starttime="20190717 14:14:48.797" endtime="20190717 14:14:48.798"></status>
</kw>
<kw name="Set Variable If" library="BuiltIn">
<doc>Sets variable based on the given condition.</doc>
<arguments>
<arg>'${myLevel}'=='SUCCESS'</arg>
<arg>INFO</arg>
<arg>${myLevel}</arg>
</arguments>
<assign>
<var>${RF_level}</var>
</assign>
<msg timestamp="20190717 14:14:48.799" level="INFO">${RF_level} = DEBUG</msg>
<status status="PASS" starttime="20190717 14:14:48.799" endtime="20190717 14:14:48.799"></status>
</kw>
<kw name="Log" library="BuiltIn">
<doc>Logs the given message with the given level.</doc>
<arguments>
<arg>${log}</arg>
<arg>level=${RF_level}</arg>
<arg>html=true</arg>
<arg>console=true</arg>
</arguments>
<status status="PASS" starttime="20190717 14:14:48.800" endtime="20190717 14:14:48.801"></status>
</kw>
<status status="PASS" starttime="20190717 14:14:48.789" endtime="20190717 14:14:48.801"></status>
</kw>
<status status="PASS" starttime="20190717 14:14:48.788" endtime="20190717 14:14:48.801"></status>
</kw>
<kw name="Go To" library="SeleniumLibrary">
<doc>Navigates the active browser instance to the provided ``url``.</doc>
<arguments>
<arg>${myUrl}</arg>
</arguments>
<msg timestamp="20190717 14:14:48.802" level="INFO">Opening url 'https://mco.mysi.gate-noe.enedis.fr//OI_MOM/rfc.jsp'</msg>
<status status="PASS" starttime="20190717 14:14:48.802" endtime="20190717 14:14:51.236"></status>
</kw>
<kw name="Wait Until Page Contains" library="SeleniumLibrary">
<doc>Waits until ``text`` appears on current page.</doc>
<arguments>
<arg>${myExpectedText}</arg>
<arg>${myTimeout}</arg>
</arguments>
<status status="PASS" starttime="20190717 14:14:51.236" endtime="20190717 14:14:51.255"></status>
</kw>
<kw name="Debug" library="log">
<doc>Créer un log de débogage.</doc>
<arguments>
<arg>La page contient le texte '${myExpectedText}'</arg>
</arguments>
<kw name="Mettre En Couleur" library="log">
<doc>Mettre un log en couleur dans la console durant l'exécution.</doc>
<arguments>
<arg>grey</arg>
<arg>${myMessage}</arg>
<arg>DEBUG</arg>
</arguments>
<kw name="Evaluate" library="BuiltIn">
<doc>Evaluates the given expression in Python and returns the results.</doc>
<arguments>
<arg>${LOG_COLORS.${myColor}}</arg>
</arguments>
<assign>
<var>${e_color}</var>
</assign>
<msg timestamp="20190717 14:14:51.260" level="INFO">${e_color} = [37m</msg>
<status status="PASS" starttime="20190717 14:14:51.259" endtime="20190717 14:14:51.260"></status>
</kw>
<kw name="Evaluate" library="BuiltIn">
<doc>Evaluates the given expression in Python and returns the results.</doc>
<arguments>
<arg>${LOG_COLORS.normal}</arg>
</arguments>
<assign>
<var>${default}</var>
</assign>
<msg timestamp="20190717 14:14:51.261" level="INFO">${default} = [0m</msg>
<status status="PASS" starttime="20190717 14:14:51.260" endtime="20190717 14:14:51.261"></status>
</kw>
<kw name="Obtenir Timestamp" library="log">
<doc>Obtenir l'heure courante.</doc>
<assign>
<var>${date}</var>
</assign>
<kw name="Get Current Date" library="DateTime">
<doc>Returns current local or UTC time with an optional increment.</doc>
<arguments>
<arg>result_format=%Y-%m-%d %H:%M:%S</arg>
</arguments>
<assign>
<var>${timeStamp}</var>
</assign>
<msg timestamp="20190717 14:14:51.262" level="INFO">${timeStamp} = 2019-07-17 14:14:51</msg>
<status status="PASS" starttime="20190717 14:14:51.262" endtime="20190717 14:14:51.262"></status>
</kw>
<msg timestamp="20190717 14:14:51.262" level="INFO">${date} = 2019-07-17 14:14:51</msg>
<status status="PASS" starttime="20190717 14:14:51.261" endtime="20190717 14:14:51.262"></status>
</kw>
<kw name="Set Variable" library="BuiltIn">
<doc>Returns the given values which can then be assigned to a variables.</doc>
<arguments>
<arg>${date} [${e_color}${myLevel}${default}] ${e_color}${myMessage}${default}</arg>
</arguments>
<assign>
<var>${log}</var>
</assign>
<msg timestamp="20190717 14:14:51.263" level="INFO">${log} = 2019-07-17 14:14:51 [[37mDEBUG[0m] [37mLa page contient le texte 'Authentification'[0m</msg>
<status status="PASS" starttime="20190717 14:14:51.263" endtime="20190717 14:14:51.263"></status>
</kw>
<kw name="Set Variable If" library="BuiltIn">
<doc>Sets variable based on the given condition.</doc>
<arguments>
<arg>'${myLevel}'=='SUCCESS'</arg>
<arg>INFO</arg>
<arg>${myLevel}</arg>
</arguments>
<assign>
<var>${RF_level}</var>
</assign>
<msg timestamp="20190717 14:14:51.264" level="INFO">${RF_level} = DEBUG</msg>
<status status="PASS" starttime="20190717 14:14:51.264" endtime="20190717 14:14:51.265"></status>
</kw>
<kw name="Log" library="BuiltIn">
<doc>Logs the given message with the given level.</doc>
<arguments>
<arg>${log}</arg>
<arg>level=${RF_level}</arg>
<arg>html=true</arg>
<arg>console=true</arg>
</arguments>
<status status="PASS" starttime="20190717 14:14:51.265" endtime="20190717 14:14:51.266"></status>
</kw>
<status status="PASS" starttime="20190717 14:14:51.257" endtime="20190717 14:14:51.266"></status>
</kw>
<status status="PASS" starttime="20190717 14:14:51.255" endtime="20190717 14:14:51.267"></status>
</kw>
<kw name="Capturer L'Ecran" library="selenium">
<doc>Faire une capture d'écran de la page actuelle.</doc>
<kw name="Capture Page Screenshot" library="SeleniumLibrary">
<doc>Takes screenshot of the current page and embeds it into log file.</doc>
<msg timestamp="20190717 14:14:51.392" level="INFO" html="yes">&lt;/td&gt;&lt;/tr&gt;&lt;tr&gt;&lt;td colspan="3"&gt;&lt;a href="selenium-screenshot-1.png"&gt;&lt;img src="selenium-screenshot-1.png" width="800px"&gt;&lt;/a&gt;</msg>
<status status="PASS" starttime="20190717 14:14:51.268" endtime="20190717 14:14:51.393"></status>
</kw>
<status status="PASS" starttime="20190717 14:14:51.267" endtime="20190717 14:14:51.393"></status>
</kw>
<status status="PASS" starttime="20190717 14:14:48.787" endtime="20190717 14:14:51.393"></status>
</kw>
<status status="PASS" starttime="20190717 14:14:40.491" endtime="20190717 14:14:51.393"></status>
</kw>
<msg timestamp="20190717 14:14:51.393" level="INFO">${returnValue} = None</msg>
<status status="PASS" starttime="20190717 14:14:40.490" endtime="20190717 14:14:51.393"></status>
</kw>
<status status="PASS" starttime="20190717 14:14:40.487" endtime="20190717 14:14:51.393"></status>
</kw>
<status status="PASS" starttime="20190717 14:14:40.484" endtime="20190717 14:14:51.394"></status>
</kw>
<kw name="Success" library="log">
<doc>Créer un log de succès.</doc>
<arguments>
<arg>Je suis sur la page de connexion Sesame</arg>
</arguments>
<kw name="Mettre En Couleur" library="log">
<doc>Mettre un log en couleur dans la console durant l'exécution.</doc>
<arguments>
<arg>green</arg>
<arg>${myMessage}</arg>
<arg>SUCCESS</arg>
</arguments>
<kw name="Evaluate" library="BuiltIn">
<doc>Evaluates the given expression in Python and returns the results.</doc>
<arguments>
<arg>${LOG_COLORS.${myColor}}</arg>
</arguments>
<assign>
<var>${e_color}</var>
</assign>
<msg timestamp="20190717 14:14:51.402" level="INFO">${e_color} = [32m</msg>
<status status="PASS" starttime="20190717 14:14:51.397" endtime="20190717 14:14:51.402"></status>
</kw>
<kw name="Evaluate" library="BuiltIn">
<doc>Evaluates the given expression in Python and returns the results.</doc>
<arguments>
<arg>${LOG_COLORS.normal}</arg>
</arguments>
<assign>
<var>${default}</var>
</assign>
<msg timestamp="20190717 14:14:51.403" level="INFO">${default} = [0m</msg>
<status status="PASS" starttime="20190717 14:14:51.402" endtime="20190717 14:14:51.403"></status>
</kw>
<kw name="Obtenir Timestamp" library="log">
<doc>Obtenir l'heure courante.</doc>
<assign>
<var>${date}</var>
</assign>
<kw name="Get Current Date" library="DateTime">
<doc>Returns current local or UTC time with an optional increment.</doc>
<arguments>
<arg>result_format=%Y-%m-%d %H:%M:%S</arg>
</arguments>
<assign>
<var>${timeStamp}</var>
</assign>
<msg timestamp="20190717 14:14:51.404" level="INFO">${timeStamp} = 2019-07-17 14:14:51</msg>
<status status="PASS" starttime="20190717 14:14:51.404" endtime="20190717 14:14:51.404"></status>
</kw>
<msg timestamp="20190717 14:14:51.404" level="INFO">${date} = 2019-07-17 14:14:51</msg>
<status status="PASS" starttime="20190717 14:14:51.403" endtime="20190717 14:14:51.404"></status>
</kw>
<kw name="Set Variable" library="BuiltIn">
<doc>Returns the given values which can then be assigned to a variables.</doc>
<arguments>
<arg>${date} [${e_color}${myLevel}${default}] ${e_color}${myMessage}${default}</arg>
</arguments>
<assign>
<var>${log}</var>
</assign>
<msg timestamp="20190717 14:14:51.406" level="INFO">${log} = 2019-07-17 14:14:51 [[32mSUCCESS[0m] [32mJe suis sur la page de connexion Sesame[0m</msg>
<status status="PASS" starttime="20190717 14:14:51.405" endtime="20190717 14:14:51.406"></status>
</kw>
<kw name="Set Variable If" library="BuiltIn">
<doc>Sets variable based on the given condition.</doc>
<arguments>
<arg>'${myLevel}'=='SUCCESS'</arg>
<arg>INFO</arg>
<arg>${myLevel}</arg>
</arguments>
<assign>
<var>${RF_level}</var>
</assign>
<msg timestamp="20190717 14:14:51.410" level="INFO">${RF_level} = INFO</msg>
<status status="PASS" starttime="20190717 14:14:51.408" endtime="20190717 14:14:51.410"></status>
</kw>
<kw name="Log" library="BuiltIn">
<doc>Logs the given message with the given level.</doc>
<arguments>
<arg>${log}</arg>
<arg>level=${RF_level}</arg>
<arg>html=true</arg>
<arg>console=true</arg>
</arguments>
<msg timestamp="20190717 14:14:51.411" level="INFO" html="yes">2019-07-17 14:14:51 [[32mSUCCESS[0m] [32mJe suis sur la page de connexion Sesame[0m</msg>
<status status="PASS" starttime="20190717 14:14:51.410" endtime="20190717 14:14:51.411"></status>
</kw>
<status status="PASS" starttime="20190717 14:14:51.395" endtime="20190717 14:14:51.411"></status>
</kw>
<status status="PASS" starttime="20190717 14:14:51.394" endtime="20190717 14:14:51.411"></status>
</kw>
<status status="PASS" starttime="20190717 14:14:40.481" endtime="20190717 14:14:51.412"></status>
</kw>
<kw name="Se Connecter" library="peach.pageConnexion">
<doc>Remplir les champs Utilisateur et Mot de passe</doc>
<arguments>
<arg>${myUser}</arg>
</arguments>
<kw name="Set Suite Variable" library="BuiltIn">
<doc>Makes a variable available everywhere within the scope of the current suite.</doc>
<arguments>
<arg>${myUser}</arg>
</arguments>
<msg timestamp="20190717 14:14:51.415" level="INFO">${myUser} = {'nni': 'YP71E45N', 'secret': 'Dtermination2019*'}</msg>
<status status="PASS" starttime="20190717 14:14:51.414" endtime="20190717 14:14:51.415"></status>
</kw>
<kw name="Saisir Le Nni" library="peach.pageConnexion">
<doc>Renseigner le NNI Sesame</doc>
<arguments>
<arg>${myUser.nni}</arg>
</arguments>
<kw name="Saisir Un Secret Dans Element Actif" library="web">
<doc>Saisir du texte non enregistré dans un élément.</doc>
<arguments>
<arg>//input[@name='utilisateur']</arg>
<arg>${myAuthNni}</arg>
</arguments>
<kw name="Sur Mon Navigateur" library="web">
<doc>Aiguillage en fonction de la variable Jenkins MY_DEVICE.</doc>
<arguments>
<arg>Saisir Un Secret Dans Element Actif</arg>
<arg>${myLocator}</arg>
<arg>${myText}</arg>
</arguments>
<kw name="Get Environment Variable" library="OperatingSystem">
<doc>Returns the value of an environment variable with the given name.</doc>
<arguments>
<arg>MY_DEVICE</arg>
<arg>default=PC</arg>
</arguments>
<assign>
<var>${theDevice}</var>
</assign>
<msg timestamp="20190717 14:14:51.420" level="INFO">${theDevice} = PC</msg>
<status status="PASS" starttime="20190717 14:14:51.419" endtime="20190717 14:14:51.420"></status>
</kw>
<kw name="Run Keyword And Ignore Error" library="BuiltIn">
<doc>Runs the given keyword with the given arguments and ignores possible error.</doc>
<arguments>
<arg>Get From Dictionary</arg>
<arg>${TAAP_DEVICES}</arg>
<arg>${theDevice}libraryName</arg>
</arguments>
<assign>
<var>${passed}</var>
<var>${libraryName}</var>
</assign>
<kw name="Get From Dictionary" library="Collections">
<doc>Returns a value from the given ``dictionary`` based on the given ``key``.</doc>
<arguments>
<arg>${TAAP_DEVICES}</arg>
<arg>${theDevice}libraryName</arg>
</arguments>
<status status="PASS" starttime="20190717 14:14:51.421" endtime="20190717 14:14:51.422"></status>
</kw>
<msg timestamp="20190717 14:14:51.422" level="INFO">${passed} = PASS</msg>
<msg timestamp="20190717 14:14:51.422" level="INFO">${libraryName} = selenium</msg>
<status status="PASS" starttime="20190717 14:14:51.421" endtime="20190717 14:14:51.422"></status>
</kw>
<kw name="Set Variable If" library="BuiltIn">
<doc>Sets variable based on the given condition.</doc>
<arguments>
<arg>'${passed}'=='PASS'</arg>
<arg>${libraryName}</arg>
<arg>selenium</arg>
</arguments>
<assign>
<var>${libraryName}</var>
</assign>
<msg timestamp="20190717 14:14:51.425" level="INFO">${libraryName} = selenium</msg>
<status status="PASS" starttime="20190717 14:14:51.423" endtime="20190717 14:14:51.425"></status>
</kw>
<kw name="Run Keyword" library="BuiltIn">
<doc>Executes the given keyword with the given arguments.</doc>
<arguments>
<arg>${libraryName}.${myKeyword}</arg>
<arg>@{myVarargs}</arg>
</arguments>
<assign>
<var>${returnValue}</var>
</assign>
<kw name="Saisir Un Secret Dans Element Actif" library="selenium">
<doc>Saisir du texte non enregistre dans un élément.</doc>
<arguments>
<arg>@{myVarargs}</arg>
</arguments>
<kw name="Confirmer Que La Page Est Prete" library="selenium">
<doc>Attendre que la page soit chargée.</doc>
<kw name="Wait Until Keyword Succeeds" library="BuiltIn">
<doc>Runs the specified keyword and retries if it fails.</doc>
<arguments>
<arg>20s</arg>
<arg>1s</arg>
<arg>selenium.La Page Doit Etre Prete</arg>
</arguments>
<kw name="La Page Doit Etre Prete" library="selenium">
<doc>Verifier que la page est chargée.</doc>
<kw name="Execute Javascript" library="SeleniumLibrary">
<doc>Executes the given JavaScript code with possible arguments.</doc>
<arguments>
<arg>return document.readyState;</arg>
</arguments>
<assign>
<var>${isReady}</var>
</assign>
<msg timestamp="20190717 14:14:51.433" level="INFO">Executing JavaScript:
return document.readyState;
Without any arguments.</msg>
<msg timestamp="20190717 14:14:51.442" level="INFO">${isReady} = complete</msg>
<status status="PASS" starttime="20190717 14:14:51.432" endtime="20190717 14:14:51.443"></status>
</kw>
<kw name="Should Be Equal As Strings" library="BuiltIn">
<doc>Fails if objects are unequal after converting them to strings.</doc>
<arguments>
<arg>${isReady}</arg>
<arg>complete</arg>
</arguments>
<status status="PASS" starttime="20190717 14:14:51.443" endtime="20190717 14:14:51.443"></status>
</kw>
<status status="PASS" starttime="20190717 14:14:51.431" endtime="20190717 14:14:51.443"></status>
</kw>
<status status="PASS" starttime="20190717 14:14:51.430" endtime="20190717 14:14:51.444"></status>
</kw>
<status status="PASS" starttime="20190717 14:14:51.429" endtime="20190717 14:14:51.444"></status>
</kw>
<kw name="Wait Until Element Is Enabled" library="SeleniumLibrary">
<doc>Waits until element ``locator`` is enabled.</doc>
<arguments>
<arg>${myLocator}</arg>
</arguments>
<status status="PASS" starttime="20190717 14:14:51.444" endtime="20190717 14:14:51.485"></status>
</kw>
<kw name="Wait Until Element Is Visible" library="SeleniumLibrary">
<doc>Waits until element ``locator`` is visible.</doc>
<arguments>
<arg>${myLocator}</arg>
</arguments>
<status status="PASS" starttime="20190717 14:14:51.485" endtime="20190717 14:14:51.536"></status>
</kw>
<kw name="Saisir Un Secret Avec Webdriver" library="selenium">
<doc>Saisir du texte non enregistré dans un élément directement depuis le webdriver.</doc>
<arguments>
<arg>${myLocator}</arg>
<arg>${myText}</arg>
</arguments>
<kw name="Input Password" library="SeleniumLibrary">
<doc>Types the given password into text field identified by ``locator``.</doc>
<arguments>
<arg>${myLocator}</arg>
<arg>${myText}</arg>
</arguments>
<msg timestamp="20190717 14:14:51.537" level="INFO">Typing password into text field '//input[@name='utilisateur']'.</msg>
<status status="PASS" starttime="20190717 14:14:51.537" endtime="20190717 14:14:51.603"></status>
</kw>
<status status="PASS" starttime="20190717 14:14:51.536" endtime="20190717 14:14:51.603"></status>
</kw>
<status status="PASS" starttime="20190717 14:14:51.428" endtime="20190717 14:14:51.603"></status>
</kw>
<msg timestamp="20190717 14:14:51.604" level="INFO">${returnValue} = None</msg>
<status status="PASS" starttime="20190717 14:14:51.425" endtime="20190717 14:14:51.604"></status>
</kw>
<status status="PASS" starttime="20190717 14:14:51.418" endtime="20190717 14:14:51.604"></status>
</kw>
<status status="PASS" starttime="20190717 14:14:51.417" endtime="20190717 14:14:51.604"></status>
</kw>
<status status="PASS" starttime="20190717 14:14:51.416" endtime="20190717 14:14:51.605"></status>
</kw>
<kw name="Saisir Le Code Confidentiel" library="peach.pageConnexion">
<doc>Renseigner le secret Sesame</doc>
<arguments>
<arg>${myUser.secret}</arg>
</arguments>
<kw name="Saisir Un Secret Dans Element Actif" library="web">
<doc>Saisir du texte non enregistré dans un élément.</doc>
<arguments>
<arg>//input[@name='mdp']</arg>
<arg>${myAuthSecret}</arg>
</arguments>
<kw name="Sur Mon Navigateur" library="web">
<doc>Aiguillage en fonction de la variable Jenkins MY_DEVICE.</doc>
<arguments>
<arg>Saisir Un Secret Dans Element Actif</arg>
<arg>${myLocator}</arg>
<arg>${myText}</arg>
</arguments>
<kw name="Get Environment Variable" library="OperatingSystem">
<doc>Returns the value of an environment variable with the given name.</doc>
<arguments>
<arg>MY_DEVICE</arg>
<arg>default=PC</arg>
</arguments>
<assign>
<var>${theDevice}</var>
</assign>
<msg timestamp="20190717 14:14:51.611" level="INFO">${theDevice} = PC</msg>
<status status="PASS" starttime="20190717 14:14:51.611" endtime="20190717 14:14:51.611"></status>
</kw>
<kw name="Run Keyword And Ignore Error" library="BuiltIn">
<doc>Runs the given keyword with the given arguments and ignores possible error.</doc>
<arguments>
<arg>Get From Dictionary</arg>
<arg>${TAAP_DEVICES}</arg>
<arg>${theDevice}libraryName</arg>
</arguments>
<assign>
<var>${passed}</var>
<var>${libraryName}</var>
</assign>
<kw name="Get From Dictionary" library="Collections">
<doc>Returns a value from the given ``dictionary`` based on the given ``key``.</doc>
<arguments>
<arg>${TAAP_DEVICES}</arg>
<arg>${theDevice}libraryName</arg>
</arguments>
<status status="PASS" starttime="20190717 14:14:51.613" endtime="20190717 14:14:51.614"></status>
</kw>
<msg timestamp="20190717 14:14:51.614" level="INFO">${passed} = PASS</msg>
<msg timestamp="20190717 14:14:51.614" level="INFO">${libraryName} = selenium</msg>
<status status="PASS" starttime="20190717 14:14:51.612" endtime="20190717 14:14:51.614"></status>
</kw>
<kw name="Set Variable If" library="BuiltIn">
<doc>Sets variable based on the given condition.</doc>
<arguments>
<arg>'${passed}'=='PASS'</arg>
<arg>${libraryName}</arg>
<arg>selenium</arg>
</arguments>
<assign>
<var>${libraryName}</var>
</assign>
<msg timestamp="20190717 14:14:51.616" level="INFO">${libraryName} = selenium</msg>
<status status="PASS" starttime="20190717 14:14:51.615" endtime="20190717 14:14:51.616"></status>
</kw>
<kw name="Run Keyword" library="BuiltIn">
<doc>Executes the given keyword with the given arguments.</doc>
<arguments>
<arg>${libraryName}.${myKeyword}</arg>
<arg>@{myVarargs}</arg>
</arguments>
<assign>
<var>${returnValue}</var>
</assign>
<kw name="Saisir Un Secret Dans Element Actif" library="selenium">
<doc>Saisir du texte non enregistre dans un élément.</doc>
<arguments>
<arg>@{myVarargs}</arg>
</arguments>
<kw name="Confirmer Que La Page Est Prete" library="selenium">
<doc>Attendre que la page soit chargée.</doc>
<kw name="Wait Until Keyword Succeeds" library="BuiltIn">
<doc>Runs the specified keyword and retries if it fails.</doc>
<arguments>
<arg>20s</arg>
<arg>1s</arg>
<arg>selenium.La Page Doit Etre Prete</arg>
</arguments>
<kw name="La Page Doit Etre Prete" library="selenium">
<doc>Verifier que la page est chargée.</doc>
<kw name="Execute Javascript" library="SeleniumLibrary">
<doc>Executes the given JavaScript code with possible arguments.</doc>
<arguments>
<arg>return document.readyState;</arg>
</arguments>
<assign>
<var>${isReady}</var>
</assign>
<msg timestamp="20190717 14:14:51.622" level="INFO">Executing JavaScript:
return document.readyState;
Without any arguments.</msg>
<msg timestamp="20190717 14:14:51.632" level="INFO">${isReady} = complete</msg>
<status status="PASS" starttime="20190717 14:14:51.621" endtime="20190717 14:14:51.632"></status>
</kw>
<kw name="Should Be Equal As Strings" library="BuiltIn">
<doc>Fails if objects are unequal after converting them to strings.</doc>
<arguments>
<arg>${isReady}</arg>
<arg>complete</arg>
</arguments>
<status status="PASS" starttime="20190717 14:14:51.633" endtime="20190717 14:14:51.633"></status>
</kw>
<status status="PASS" starttime="20190717 14:14:51.621" endtime="20190717 14:14:51.633"></status>
</kw>
<status status="PASS" starttime="20190717 14:14:51.620" endtime="20190717 14:14:51.633"></status>
</kw>
<status status="PASS" starttime="20190717 14:14:51.619" endtime="20190717 14:14:51.634"></status>
</kw>
<kw name="Wait Until Element Is Enabled" library="SeleniumLibrary">
<doc>Waits until element ``locator`` is enabled.</doc>
<arguments>
<arg>${myLocator}</arg>
</arguments>
<status status="PASS" starttime="20190717 14:14:51.634" endtime="20190717 14:14:51.680"></status>
</kw>
<kw name="Wait Until Element Is Visible" library="SeleniumLibrary">
<doc>Waits until element ``locator`` is visible.</doc>
<arguments>
<arg>${myLocator}</arg>
</arguments>
<status status="PASS" starttime="20190717 14:14:51.681" endtime="20190717 14:14:51.732"></status>
</kw>
<kw name="Saisir Un Secret Avec Webdriver" library="selenium">
<doc>Saisir du texte non enregistré dans un élément directement depuis le webdriver.</doc>
<arguments>
<arg>${myLocator}</arg>
<arg>${myText}</arg>
</arguments>
<kw name="Input Password" library="SeleniumLibrary">
<doc>Types the given password into text field identified by ``locator``.</doc>
<arguments>
<arg>${myLocator}</arg>
<arg>${myText}</arg>
</arguments>
<msg timestamp="20190717 14:14:51.735" level="INFO">Typing password into text field '//input[@name='mdp']'.</msg>
<status status="PASS" starttime="20190717 14:14:51.735" endtime="20190717 14:14:51.809"></status>
</kw>
<status status="PASS" starttime="20190717 14:14:51.733" endtime="20190717 14:14:51.809"></status>
</kw>
<status status="PASS" starttime="20190717 14:14:51.617" endtime="20190717 14:14:51.810"></status>
</kw>
<msg timestamp="20190717 14:14:51.810" level="INFO">${returnValue} = None</msg>
<status status="PASS" starttime="20190717 14:14:51.616" endtime="20190717 14:14:51.810"></status>
</kw>
<status status="PASS" starttime="20190717 14:14:51.609" endtime="20190717 14:14:51.811"></status>
</kw>
<status status="PASS" starttime="20190717 14:14:51.608" endtime="20190717 14:14:51.811"></status>
</kw>
<status status="PASS" starttime="20190717 14:14:51.606" endtime="20190717 14:14:51.811"></status>
</kw>
<kw name="Cliquer Sur Le Bouton Connexion" library="peach.pageConnexion">
<doc>Cliquer sur le bouton connexion</doc>
<kw name="Cliquer Sur Element Actif" library="web">
<doc>Cliquer sur un élément actif sur la page.</doc>
<arguments>
<arg>id=validation</arg>
</arguments>
<kw name="Sur Mon Navigateur" library="web">
<doc>Aiguillage en fonction de la variable Jenkins MY_DEVICE.</doc>
<arguments>
<arg>Cliquer Sur Element Actif</arg>
<arg>${myLocator}</arg>
<arg>${myTimeout}</arg>
</arguments>
<kw name="Get Environment Variable" library="OperatingSystem">
<doc>Returns the value of an environment variable with the given name.</doc>
<arguments>
<arg>MY_DEVICE</arg>
<arg>default=PC</arg>
</arguments>
<assign>
<var>${theDevice}</var>
</assign>
<msg timestamp="20190717 14:14:51.814" level="INFO">${theDevice} = PC</msg>
<status status="PASS" starttime="20190717 14:14:51.813" endtime="20190717 14:14:51.814"></status>
</kw>
<kw name="Run Keyword And Ignore Error" library="BuiltIn">
<doc>Runs the given keyword with the given arguments and ignores possible error.</doc>
<arguments>
<arg>Get From Dictionary</arg>
<arg>${TAAP_DEVICES}</arg>
<arg>${theDevice}libraryName</arg>
</arguments>
<assign>
<var>${passed}</var>
<var>${libraryName}</var>
</assign>
<kw name="Get From Dictionary" library="Collections">
<doc>Returns a value from the given ``dictionary`` based on the given ``key``.</doc>
<arguments>
<arg>${TAAP_DEVICES}</arg>
<arg>${theDevice}libraryName</arg>
</arguments>
<status status="PASS" starttime="20190717 14:14:51.814" endtime="20190717 14:14:51.815"></status>
</kw>
<msg timestamp="20190717 14:14:51.815" level="INFO">${passed} = PASS</msg>
<msg timestamp="20190717 14:14:51.815" level="INFO">${libraryName} = selenium</msg>
<status status="PASS" starttime="20190717 14:14:51.814" endtime="20190717 14:14:51.815"></status>
</kw>
<kw name="Set Variable If" library="BuiltIn">
<doc>Sets variable based on the given condition.</doc>
<arguments>
<arg>'${passed}'=='PASS'</arg>
<arg>${libraryName}</arg>
<arg>selenium</arg>
</arguments>
<assign>
<var>${libraryName}</var>
</assign>
<msg timestamp="20190717 14:14:51.816" level="INFO">${libraryName} = selenium</msg>
<status status="PASS" starttime="20190717 14:14:51.815" endtime="20190717 14:14:51.816"></status>
</kw>
<kw name="Run Keyword" library="BuiltIn">
<doc>Executes the given keyword with the given arguments.</doc>
<arguments>
<arg>${libraryName}.${myKeyword}</arg>
<arg>@{myVarargs}</arg>
</arguments>
<assign>
<var>${returnValue}</var>
</assign>
<kw name="Cliquer Sur Element Actif" library="selenium">
<doc>Cliquer sur un élément actif sur la page.</doc>
<arguments>
<arg>@{myVarargs}</arg>
</arguments>
<kw name="Confirmer Que La Page Est Prete" library="selenium">
<doc>Attendre que la page soit chargée.</doc>
<kw name="Wait Until Keyword Succeeds" library="BuiltIn">
<doc>Runs the specified keyword and retries if it fails.</doc>
<arguments>
<arg>20s</arg>
<arg>1s</arg>
<arg>selenium.La Page Doit Etre Prete</arg>
</arguments>
<kw name="La Page Doit Etre Prete" library="selenium">
<doc>Verifier que la page est chargée.</doc>
<kw name="Execute Javascript" library="SeleniumLibrary">
<doc>Executes the given JavaScript code with possible arguments.</doc>
<arguments>
<arg>return document.readyState;</arg>
</arguments>
<assign>
<var>${isReady}</var>
</assign>
<msg timestamp="20190717 14:14:51.820" level="INFO">Executing JavaScript:
return document.readyState;
Without any arguments.</msg>
<msg timestamp="20190717 14:14:51.828" level="INFO">${isReady} = complete</msg>
<status status="PASS" starttime="20190717 14:14:51.819" endtime="20190717 14:14:51.828"></status>
</kw>
<kw name="Should Be Equal As Strings" library="BuiltIn">
<doc>Fails if objects are unequal after converting them to strings.</doc>
<arguments>
<arg>${isReady}</arg>
<arg>complete</arg>
</arguments>
<status status="PASS" starttime="20190717 14:14:51.829" endtime="20190717 14:14:51.830"></status>
</kw>
<status status="PASS" starttime="20190717 14:14:51.818" endtime="20190717 14:14:51.830"></status>
</kw>
<status status="PASS" starttime="20190717 14:14:51.818" endtime="20190717 14:14:51.830"></status>
</kw>
<status status="PASS" starttime="20190717 14:14:51.817" endtime="20190717 14:14:51.830"></status>
</kw>
<kw name="Wait Until Element Is Enabled" library="SeleniumLibrary">
<doc>Waits until element ``locator`` is enabled.</doc>
<arguments>
<arg>${myLocator}</arg>
<arg>${myTimeout}</arg>
</arguments>
<status status="PASS" starttime="20190717 14:14:51.830" endtime="20190717 14:14:51.877"></status>
</kw>
<kw name="Cliquer Sur Element Avec Webdriver" library="selenium">
<doc>Cliquer sur un élément avec le webdriver sans vérification préalable.</doc>
<arguments>
<arg>${myLocator}</arg>
</arguments>
<kw name="Click Element" library="SeleniumLibrary">
<doc>Click element identified by ``locator``.</doc>
<arguments>
<arg>${myLocator}</arg>
</arguments>
<msg timestamp="20190717 14:14:51.880" level="INFO">Clicking element 'id=validation'.</msg>
<status status="PASS" starttime="20190717 14:14:51.880" endtime="20190717 14:14:54.343"></status>
</kw>
<status status="PASS" starttime="20190717 14:14:51.878" endtime="20190717 14:14:54.343"></status>
</kw>
<status status="PASS" starttime="20190717 14:14:51.817" endtime="20190717 14:14:54.343"></status>
</kw>
<msg timestamp="20190717 14:14:54.343" level="INFO">${returnValue} = None</msg>
<status status="PASS" starttime="20190717 14:14:51.816" endtime="20190717 14:14:54.343"></status>
</kw>
<status status="PASS" starttime="20190717 14:14:51.813" endtime="20190717 14:14:54.344"></status>
</kw>
<status status="PASS" starttime="20190717 14:14:51.812" endtime="20190717 14:14:54.344"></status>
</kw>
<status status="PASS" starttime="20190717 14:14:51.812" endtime="20190717 14:14:54.344"></status>
</kw>
<status status="PASS" starttime="20190717 14:14:51.413" endtime="20190717 14:14:54.344"></status>
</kw>
<kw name="Je Suis Sur La Page Accueil" library="peach.pageAccueil">
<doc>Detecter la page accueil Peach</doc>
<kw name="La Page Contient" library="web">
<doc>Vérifier que la page contient un texte.</doc>
<arguments>
<arg>Request For Change - Liste</arg>
</arguments>
<kw name="Sur Mon Navigateur" library="web">
<doc>Aiguillage en fonction de la variable Jenkins MY_DEVICE.</doc>
<arguments>
<arg>La Page Contient</arg>
<arg>${myExpectedText}</arg>
<arg>${myTimeout}</arg>
</arguments>
<kw name="Get Environment Variable" library="OperatingSystem">
<doc>Returns the value of an environment variable with the given name.</doc>
<arguments>
<arg>MY_DEVICE</arg>
<arg>default=PC</arg>
</arguments>
<assign>
<var>${theDevice}</var>
</assign>
<msg timestamp="20190717 14:14:54.347" level="INFO">${theDevice} = PC</msg>
<status status="PASS" starttime="20190717 14:14:54.347" endtime="20190717 14:14:54.347"></status>
</kw>
<kw name="Run Keyword And Ignore Error" library="BuiltIn">
<doc>Runs the given keyword with the given arguments and ignores possible error.</doc>
<arguments>
<arg>Get From Dictionary</arg>
<arg>${TAAP_DEVICES}</arg>
<arg>${theDevice}libraryName</arg>
</arguments>
<assign>
<var>${passed}</var>
<var>${libraryName}</var>
</assign>
<kw name="Get From Dictionary" library="Collections">
<doc>Returns a value from the given ``dictionary`` based on the given ``key``.</doc>
<arguments>
<arg>${TAAP_DEVICES}</arg>
<arg>${theDevice}libraryName</arg>
</arguments>
<status status="PASS" starttime="20190717 14:14:54.348" endtime="20190717 14:14:54.348"></status>
</kw>
<msg timestamp="20190717 14:14:54.348" level="INFO">${passed} = PASS</msg>
<msg timestamp="20190717 14:14:54.348" level="INFO">${libraryName} = selenium</msg>
<status status="PASS" starttime="20190717 14:14:54.347" endtime="20190717 14:14:54.348"></status>
</kw>
<kw name="Set Variable If" library="BuiltIn">
<doc>Sets variable based on the given condition.</doc>
<arguments>
<arg>'${passed}'=='PASS'</arg>
<arg>${libraryName}</arg>
<arg>selenium</arg>
</arguments>
<assign>
<var>${libraryName}</var>
</assign>
<msg timestamp="20190717 14:14:54.349" level="INFO">${libraryName} = selenium</msg>
<status status="PASS" starttime="20190717 14:14:54.349" endtime="20190717 14:14:54.349"></status>
</kw>
<kw name="Run Keyword" library="BuiltIn">
<doc>Executes the given keyword with the given arguments.</doc>
<arguments>
<arg>${libraryName}.${myKeyword}</arg>
<arg>@{myVarargs}</arg>
</arguments>
<assign>
<var>${returnValue}</var>
</assign>
<kw name="La Page Contient" library="selenium">
<doc>Vérifier que la page contient un texte.</doc>
<arguments>
<arg>@{myVarargs}</arg>
</arguments>
<kw name="Confirmer Que La Page Est Prete" library="selenium">
<doc>Attendre que la page soit chargée.</doc>
<kw name="Wait Until Keyword Succeeds" library="BuiltIn">
<doc>Runs the specified keyword and retries if it fails.</doc>
<arguments>
<arg>20s</arg>
<arg>1s</arg>
<arg>selenium.La Page Doit Etre Prete</arg>
</arguments>
<kw name="La Page Doit Etre Prete" library="selenium">
<doc>Verifier que la page est chargée.</doc>
<kw name="Execute Javascript" library="SeleniumLibrary">
<doc>Executes the given JavaScript code with possible arguments.</doc>
<arguments>
<arg>return document.readyState;</arg>
</arguments>
<assign>
<var>${isReady}</var>
</assign>
<msg timestamp="20190717 14:14:54.355" level="INFO">Executing JavaScript:
return document.readyState;
Without any arguments.</msg>
<msg timestamp="20190717 14:14:54.365" level="INFO">${isReady} = complete</msg>
<status status="PASS" starttime="20190717 14:14:54.354" endtime="20190717 14:14:54.365"></status>
</kw>
<kw name="Should Be Equal As Strings" library="BuiltIn">
<doc>Fails if objects are unequal after converting them to strings.</doc>
<arguments>
<arg>${isReady}</arg>
<arg>complete</arg>
</arguments>
<status status="PASS" starttime="20190717 14:14:54.365" endtime="20190717 14:14:54.365"></status>
</kw>
<status status="PASS" starttime="20190717 14:14:54.352" endtime="20190717 14:14:54.366"></status>
</kw>
<status status="PASS" starttime="20190717 14:14:54.351" endtime="20190717 14:14:54.366"></status>
</kw>
<status status="PASS" starttime="20190717 14:14:54.351" endtime="20190717 14:14:54.366"></status>
</kw>
<kw name="Wait Until Page Contains" library="SeleniumLibrary">
<doc>Waits until ``text`` appears on current page.</doc>
<arguments>
<arg>${myExpectedText}</arg>
<arg>timeout=${myTimeout}</arg>
</arguments>
<status status="PASS" starttime="20190717 14:14:54.366" endtime="20190717 14:14:54.380"></status>
</kw>
<status status="PASS" starttime="20190717 14:14:54.350" endtime="20190717 14:14:54.380"></status>
</kw>
<msg timestamp="20190717 14:14:54.380" level="INFO">${returnValue} = None</msg>
<status status="PASS" starttime="20190717 14:14:54.349" endtime="20190717 14:14:54.380"></status>
</kw>
<status status="PASS" starttime="20190717 14:14:54.346" endtime="20190717 14:14:54.380"></status>
</kw>
<status status="PASS" starttime="20190717 14:14:54.345" endtime="20190717 14:14:54.381"></status>
</kw>
<kw name="La Page Contient" library="web">
<doc>Vérifier que la page contient un texte.</doc>
<arguments>
<arg>Simulateur</arg>
</arguments>
<kw name="Sur Mon Navigateur" library="web">
<doc>Aiguillage en fonction de la variable Jenkins MY_DEVICE.</doc>
<arguments>
<arg>La Page Contient</arg>
<arg>${myExpectedText}</arg>
<arg>${myTimeout}</arg>
</arguments>
<kw name="Get Environment Variable" library="OperatingSystem">
<doc>Returns the value of an environment variable with the given name.</doc>
<arguments>
<arg>MY_DEVICE</arg>
<arg>default=PC</arg>
</arguments>
<assign>
<var>${theDevice}</var>
</assign>
<msg timestamp="20190717 14:14:54.384" level="INFO">${theDevice} = PC</msg>
<status status="PASS" starttime="20190717 14:14:54.383" endtime="20190717 14:14:54.384"></status>
</kw>
<kw name="Run Keyword And Ignore Error" library="BuiltIn">
<doc>Runs the given keyword with the given arguments and ignores possible error.</doc>
<arguments>
<arg>Get From Dictionary</arg>
<arg>${TAAP_DEVICES}</arg>
<arg>${theDevice}libraryName</arg>
</arguments>
<assign>
<var>${passed}</var>
<var>${libraryName}</var>
</assign>
<kw name="Get From Dictionary" library="Collections">
<doc>Returns a value from the given ``dictionary`` based on the given ``key``.</doc>
<arguments>
<arg>${TAAP_DEVICES}</arg>
<arg>${theDevice}libraryName</arg>
</arguments>
<status status="PASS" starttime="20190717 14:14:54.385" endtime="20190717 14:14:54.385"></status>
</kw>
<msg timestamp="20190717 14:14:54.385" level="INFO">${passed} = PASS</msg>
<msg timestamp="20190717 14:14:54.385" level="INFO">${libraryName} = selenium</msg>
<status status="PASS" starttime="20190717 14:14:54.384" endtime="20190717 14:14:54.385"></status>
</kw>
<kw name="Set Variable If" library="BuiltIn">
<doc>Sets variable based on the given condition.</doc>
<arguments>
<arg>'${passed}'=='PASS'</arg>
<arg>${libraryName}</arg>
<arg>selenium</arg>
</arguments>
<assign>
<var>${libraryName}</var>
</assign>
<msg timestamp="20190717 14:14:54.387" level="INFO">${libraryName} = selenium</msg>
<status status="PASS" starttime="20190717 14:14:54.385" endtime="20190717 14:14:54.387"></status>
</kw>
<kw name="Run Keyword" library="BuiltIn">
<doc>Executes the given keyword with the given arguments.</doc>
<arguments>
<arg>${libraryName}.${myKeyword}</arg>
<arg>@{myVarargs}</arg>
</arguments>
<assign>
<var>${returnValue}</var>
</assign>
<kw name="La Page Contient" library="selenium">
<doc>Vérifier que la page contient un texte.</doc>
<arguments>
<arg>@{myVarargs}</arg>
</arguments>
<kw name="Confirmer Que La Page Est Prete" library="selenium">
<doc>Attendre que la page soit chargée.</doc>
<kw name="Wait Until Keyword Succeeds" library="BuiltIn">
<doc>Runs the specified keyword and retries if it fails.</doc>
<arguments>
<arg>20s</arg>
<arg>1s</arg>
<arg>selenium.La Page Doit Etre Prete</arg>
</arguments>
<kw name="La Page Doit Etre Prete" library="selenium">
<doc>Verifier que la page est chargée.</doc>
<kw name="Execute Javascript" library="SeleniumLibrary">
<doc>Executes the given JavaScript code with possible arguments.</doc>
<arguments>
<arg>return document.readyState;</arg>
</arguments>
<assign>
<var>${isReady}</var>
</assign>
<msg timestamp="20190717 14:14:54.391" level="INFO">Executing JavaScript:
return document.readyState;
Without any arguments.</msg>
<msg timestamp="20190717 14:14:54.400" level="INFO">${isReady} = complete</msg>
<status status="PASS" starttime="20190717 14:14:54.390" endtime="20190717 14:14:54.400"></status>
</kw>
<kw name="Should Be Equal As Strings" library="BuiltIn">
<doc>Fails if objects are unequal after converting them to strings.</doc>
<arguments>
<arg>${isReady}</arg>
<arg>complete</arg>
</arguments>
<status status="PASS" starttime="20190717 14:14:54.400" endtime="20190717 14:14:54.401"></status>
</kw>
<status status="PASS" starttime="20190717 14:14:54.390" endtime="20190717 14:14:54.401"></status>
</kw>
<status status="PASS" starttime="20190717 14:14:54.389" endtime="20190717 14:14:54.401"></status>
</kw>
<status status="PASS" starttime="20190717 14:14:54.389" endtime="20190717 14:14:54.401"></status>
</kw>
<kw name="Wait Until Page Contains" library="SeleniumLibrary">
<doc>Waits until ``text`` appears on current page.</doc>
<arguments>
<arg>${myExpectedText}</arg>
<arg>timeout=${myTimeout}</arg>
</arguments>
<status status="PASS" starttime="20190717 14:14:54.401" endtime="20190717 14:14:54.415"></status>
</kw>
<status status="PASS" starttime="20190717 14:14:54.388" endtime="20190717 14:14:54.415"></status>
</kw>
<msg timestamp="20190717 14:14:54.415" level="INFO">${returnValue} = None</msg>
<status status="PASS" starttime="20190717 14:14:54.388" endtime="20190717 14:14:54.415"></status>
</kw>
<status status="PASS" starttime="20190717 14:14:54.382" endtime="20190717 14:14:54.416"></status>
</kw>
<status status="PASS" starttime="20190717 14:14:54.381" endtime="20190717 14:14:54.416"></status>
</kw>
<kw name="Success" library="log">
<doc>Créer un log de succès.</doc>
<arguments>
<arg>Je suis sur la page accueil Peach</arg>
</arguments>
<kw name="Mettre En Couleur" library="log">
<doc>Mettre un log en couleur dans la console durant l'exécution.</doc>
<arguments>
<arg>green</arg>
<arg>${myMessage}</arg>
<arg>SUCCESS</arg>
</arguments>
<kw name="Evaluate" library="BuiltIn">
<doc>Evaluates the given expression in Python and returns the results.</doc>
<arguments>
<arg>${LOG_COLORS.${myColor}}</arg>
</arguments>
<assign>
<var>${e_color}</var>
</assign>
<msg timestamp="20190717 14:14:54.418" level="INFO">${e_color} = [32m</msg>
<status status="PASS" starttime="20190717 14:14:54.417" endtime="20190717 14:14:54.418"></status>
</kw>
<kw name="Evaluate" library="BuiltIn">
<doc>Evaluates the given expression in Python and returns the results.</doc>
<arguments>
<arg>${LOG_COLORS.normal}</arg>
</arguments>
<assign>
<var>${default}</var>
</assign>
<msg timestamp="20190717 14:14:54.419" level="INFO">${default} = [0m</msg>
<status status="PASS" starttime="20190717 14:14:54.418" endtime="20190717 14:14:54.419"></status>
</kw>
<kw name="Obtenir Timestamp" library="log">
<doc>Obtenir l'heure courante.</doc>
<assign>
<var>${date}</var>
</assign>
<kw name="Get Current Date" library="DateTime">
<doc>Returns current local or UTC time with an optional increment.</doc>
<arguments>
<arg>result_format=%Y-%m-%d %H:%M:%S</arg>
</arguments>
<assign>
<var>${timeStamp}</var>
</assign>
<msg timestamp="20190717 14:14:54.422" level="INFO">${timeStamp} = 2019-07-17 14:14:54</msg>
<status status="PASS" starttime="20190717 14:14:54.421" endtime="20190717 14:14:54.422"></status>
</kw>
<msg timestamp="20190717 14:14:54.422" level="INFO">${date} = 2019-07-17 14:14:54</msg>
<status status="PASS" starttime="20190717 14:14:54.420" endtime="20190717 14:14:54.422"></status>
</kw>
<kw name="Set Variable" library="BuiltIn">
<doc>Returns the given values which can then be assigned to a variables.</doc>
<arguments>
<arg>${date} [${e_color}${myLevel}${default}] ${e_color}${myMessage}${default}</arg>
</arguments>
<assign>
<var>${log}</var>
</assign>
<msg timestamp="20190717 14:14:54.424" level="INFO">${log} = 2019-07-17 14:14:54 [[32mSUCCESS[0m] [32mJe suis sur la page accueil Peach[0m</msg>
<status status="PASS" starttime="20190717 14:14:54.423" endtime="20190717 14:14:54.424"></status>
</kw>
<kw name="Set Variable If" library="BuiltIn">
<doc>Sets variable based on the given condition.</doc>
<arguments>
<arg>'${myLevel}'=='SUCCESS'</arg>
<arg>INFO</arg>
<arg>${myLevel}</arg>
</arguments>
<assign>
<var>${RF_level}</var>
</assign>
<msg timestamp="20190717 14:14:54.425" level="INFO">${RF_level} = INFO</msg>
<status status="PASS" starttime="20190717 14:14:54.424" endtime="20190717 14:14:54.425"></status>
</kw>
<kw name="Log" library="BuiltIn">
<doc>Logs the given message with the given level.</doc>
<arguments>
<arg>${log}</arg>
<arg>level=${RF_level}</arg>
<arg>html=true</arg>
<arg>console=true</arg>
</arguments>
<msg timestamp="20190717 14:14:54.426" level="INFO" html="yes">2019-07-17 14:14:54 [[32mSUCCESS[0m] [32mJe suis sur la page accueil Peach[0m</msg>
<status status="PASS" starttime="20190717 14:14:54.425" endtime="20190717 14:14:54.426"></status>
</kw>
<status status="PASS" starttime="20190717 14:14:54.417" endtime="20190717 14:14:54.427"></status>
</kw>
<status status="PASS" starttime="20190717 14:14:54.416" endtime="20190717 14:14:54.427"></status>
</kw>
<status status="PASS" starttime="20190717 14:14:54.345" endtime="20190717 14:14:54.427"></status>
</kw>
<kw name="Success" library="log">
<doc>Créer un log de succès.</doc>
<arguments>
<arg>Parcours page Connexion termine</arg>
</arguments>
<kw name="Mettre En Couleur" library="log">
<doc>Mettre un log en couleur dans la console durant l'exécution.</doc>
<arguments>
<arg>green</arg>
<arg>${myMessage}</arg>
<arg>SUCCESS</arg>
</arguments>
<kw name="Evaluate" library="BuiltIn">
<doc>Evaluates the given expression in Python and returns the results.</doc>
<arguments>
<arg>${LOG_COLORS.${myColor}}</arg>
</arguments>
<assign>
<var>${e_color}</var>
</assign>
<msg timestamp="20190717 14:14:54.429" level="INFO">${e_color} = [32m</msg>
<status status="PASS" starttime="20190717 14:14:54.429" endtime="20190717 14:14:54.429"></status>
</kw>
<kw name="Evaluate" library="BuiltIn">
<doc>Evaluates the given expression in Python and returns the results.</doc>
<arguments>
<arg>${LOG_COLORS.normal}</arg>
</arguments>
<assign>
<var>${default}</var>
</assign>
<msg timestamp="20190717 14:14:54.430" level="INFO">${default} = [0m</msg>
<status status="PASS" starttime="20190717 14:14:54.430" endtime="20190717 14:14:54.430"></status>
</kw>
<kw name="Obtenir Timestamp" library="log">
<doc>Obtenir l'heure courante.</doc>
<assign>
<var>${date}</var>
</assign>
<kw name="Get Current Date" library="DateTime">
<doc>Returns current local or UTC time with an optional increment.</doc>
<arguments>
<arg>result_format=%Y-%m-%d %H:%M:%S</arg>
</arguments>
<assign>
<var>${timeStamp}</var>
</assign>
<msg timestamp="20190717 14:14:54.431" level="INFO">${timeStamp} = 2019-07-17 14:14:54</msg>
<status status="PASS" starttime="20190717 14:14:54.431" endtime="20190717 14:14:54.431"></status>
</kw>
<msg timestamp="20190717 14:14:54.432" level="INFO">${date} = 2019-07-17 14:14:54</msg>
<status status="PASS" starttime="20190717 14:14:54.430" endtime="20190717 14:14:54.432"></status>
</kw>
<kw name="Set Variable" library="BuiltIn">
<doc>Returns the given values which can then be assigned to a variables.</doc>
<arguments>
<arg>${date} [${e_color}${myLevel}${default}] ${e_color}${myMessage}${default}</arg>
</arguments>
<assign>
<var>${log}</var>
</assign>
<msg timestamp="20190717 14:14:54.432" level="INFO">${log} = 2019-07-17 14:14:54 [[32mSUCCESS[0m] [32mParcours page Connexion termine[0m</msg>
<status status="PASS" starttime="20190717 14:14:54.432" endtime="20190717 14:14:54.433"></status>
</kw>
<kw name="Set Variable If" library="BuiltIn">
<doc>Sets variable based on the given condition.</doc>
<arguments>
<arg>'${myLevel}'=='SUCCESS'</arg>
<arg>INFO</arg>
<arg>${myLevel}</arg>
</arguments>
<assign>
<var>${RF_level}</var>
</assign>
<msg timestamp="20190717 14:14:54.433" level="INFO">${RF_level} = INFO</msg>
<status status="PASS" starttime="20190717 14:14:54.433" endtime="20190717 14:14:54.433"></status>
</kw>
<kw name="Log" library="BuiltIn">
<doc>Logs the given message with the given level.</doc>
<arguments>
<arg>${log}</arg>
<arg>level=${RF_level}</arg>
<arg>html=true</arg>
<arg>console=true</arg>
</arguments>
<msg timestamp="20190717 14:14:54.434" level="INFO" html="yes">2019-07-17 14:14:54 [[32mSUCCESS[0m] [32mParcours page Connexion termine[0m</msg>
<status status="PASS" starttime="20190717 14:14:54.433" endtime="20190717 14:14:54.434"></status>
</kw>
<status status="PASS" starttime="20190717 14:14:54.428" endtime="20190717 14:14:54.434"></status>
</kw>
<status status="PASS" starttime="20190717 14:14:54.428" endtime="20190717 14:14:54.435"></status>
</kw>
<status status="PASS" starttime="20190717 14:14:40.480" endtime="20190717 14:14:54.435"></status>
</kw>
<kw name="Success" library="log">
<doc>Créer un log de succès.</doc>
<arguments>
<arg>La connexion en tant que RT-TRA est effectuee</arg>
</arguments>
<kw name="Mettre En Couleur" library="log">
<doc>Mettre un log en couleur dans la console durant l'exécution.</doc>
<arguments>
<arg>green</arg>
<arg>${myMessage}</arg>
<arg>SUCCESS</arg>
</arguments>
<kw name="Evaluate" library="BuiltIn">
<doc>Evaluates the given expression in Python and returns the results.</doc>
<arguments>
<arg>${LOG_COLORS.${myColor}}</arg>
</arguments>
<assign>
<var>${e_color}</var>
</assign>
<msg timestamp="20190717 14:14:54.439" level="INFO">${e_color} = [32m</msg>
<status status="PASS" starttime="20190717 14:14:54.438" endtime="20190717 14:14:54.439"></status>
</kw>
<kw name="Evaluate" library="BuiltIn">
<doc>Evaluates the given expression in Python and returns the results.</doc>
<arguments>
<arg>${LOG_COLORS.normal}</arg>
</arguments>
<assign>
<var>${default}</var>
</assign>
<msg timestamp="20190717 14:14:54.440" level="INFO">${default} = [0m</msg>
<status status="PASS" starttime="20190717 14:14:54.439" endtime="20190717 14:14:54.440"></status>
</kw>
<kw name="Obtenir Timestamp" library="log">
<doc>Obtenir l'heure courante.</doc>
<assign>
<var>${date}</var>
</assign>
<kw name="Get Current Date" library="DateTime">
<doc>Returns current local or UTC time with an optional increment.</doc>
<arguments>
<arg>result_format=%Y-%m-%d %H:%M:%S</arg>
</arguments>
<assign>
<var>${timeStamp}</var>
</assign>
<msg timestamp="20190717 14:14:54.441" level="INFO">${timeStamp} = 2019-07-17 14:14:54</msg>
<status status="PASS" starttime="20190717 14:14:54.441" endtime="20190717 14:14:54.441"></status>
</kw>
<msg timestamp="20190717 14:14:54.441" level="INFO">${date} = 2019-07-17 14:14:54</msg>
<status status="PASS" starttime="20190717 14:14:54.440" endtime="20190717 14:14:54.441"></status>
</kw>
<kw name="Set Variable" library="BuiltIn">
<doc>Returns the given values which can then be assigned to a variables.</doc>
<arguments>
<arg>${date} [${e_color}${myLevel}${default}] ${e_color}${myMessage}${default}</arg>
</arguments>
<assign>
<var>${log}</var>
</assign>
<msg timestamp="20190717 14:14:54.442" level="INFO">${log} = 2019-07-17 14:14:54 [[32mSUCCESS[0m] [32mLa connexion en tant que RT-TRA est effectuee[0m</msg>
<status status="PASS" starttime="20190717 14:14:54.442" endtime="20190717 14:14:54.442"></status>
</kw>
<kw name="Set Variable If" library="BuiltIn">
<doc>Sets variable based on the given condition.</doc>
<arguments>
<arg>'${myLevel}'=='SUCCESS'</arg>
<arg>INFO</arg>
<arg>${myLevel}</arg>
</arguments>
<assign>
<var>${RF_level}</var>
</assign>
<msg timestamp="20190717 14:14:54.443" level="INFO">${RF_level} = INFO</msg>
<status status="PASS" starttime="20190717 14:14:54.442" endtime="20190717 14:14:54.443"></status>
</kw>
<kw name="Log" library="BuiltIn">
<doc>Logs the given message with the given level.</doc>
<arguments>
<arg>${log}</arg>
<arg>level=${RF_level}</arg>
<arg>html=true</arg>
<arg>console=true</arg>
</arguments>
<msg timestamp="20190717 14:14:54.443" level="INFO" html="yes">2019-07-17 14:14:54 [[32mSUCCESS[0m] [32mLa connexion en tant que RT-TRA est effectuee[0m</msg>
<status status="PASS" starttime="20190717 14:14:54.443" endtime="20190717 14:14:54.444"></status>
</kw>
<status status="PASS" starttime="20190717 14:14:54.437" endtime="20190717 14:14:54.444"></status>
</kw>
<status status="PASS" starttime="20190717 14:14:54.435" endtime="20190717 14:14:54.444"></status>
</kw>
<status status="PASS" starttime="20190717 14:14:40.479" endtime="20190717 14:14:54.445"></status>
</kw>
<kw name="When Renseigner La Partie Bilan D Une RFC" library="peach.gherkin">
<doc>Renseigner la partie Bilan d'une RFC afin de la finaliser</doc>
<kw name="Parcours De La Page Bilan" library="peach.pageBilan">
<doc>Parcours de renseignement de la page Bilan</doc>
<kw name="Obtenir Le Parametre" library="XlParametresPeach">
<doc>Charger la ligne de parametre dans un dictionnaire</doc>
<arguments>
<arg>13</arg>
</arguments>
<assign>
<var>${LES_PARAMS}</var>
</assign>
<kw name="Ouvrir La Liste Des Parametres A Traiter" library="XlParametresPeach">
<doc>ouvrir le fichier XL des Parametres a traiter</doc>
<kw name="Ouvrir Le Fichier Excel" library="excel">
<doc>Ouvrir un fichier Excel.</doc>
<arguments>
<arg>${PARAM_XL.path2XlFile}</arg>
</arguments>
<kw name="Open Excel" library="XlsxLibrary">
<doc>Ouvrir un fichier Excel avec son chemin.</doc>
<arguments>
<arg>${myPath2ExcelFile}</arg>
</arguments>
<msg timestamp="20190717 14:14:54.591" level="INFO">Excel file C:/Users/Public/Documents/run/jdd/jdd.xlsx opened .</msg>
<msg timestamp="20190717 14:14:54.592" level="INFO">C:\Python\lib\site-packages\openpyxl\worksheet\_reader.py:296: UserWarning: Data Validation extension is not supported and will be removed
  warn(msg)</msg>
<status status="PASS" starttime="20190717 14:14:54.448" endtime="20190717 14:14:54.592"></status>
</kw>
<status status="PASS" starttime="20190717 14:14:54.447" endtime="20190717 14:14:54.592"></status>
</kw>
<status status="PASS" starttime="20190717 14:14:54.447" endtime="20190717 14:14:54.592"></status>
</kw>
<kw name="Evaluate" library="BuiltIn">
<doc>Evaluates the given expression in Python and returns the results.</doc>
<arguments>
<arg>${myHeaderRowIndex} + 1</arg>
</arguments>
<assign>
<var>${myRowIndex}</var>
</assign>
<msg timestamp="20190717 14:14:54.594" level="INFO">${myRowIndex} = 14</msg>
<status status="PASS" starttime="20190717 14:14:54.593" endtime="20190717 14:14:54.594"></status>
</kw>
<kw name="_Charger La Ligne Excel Dans Un Dictionnaire" library="excel">
<doc>Construire le dictionnaire associé à la ligne (nomChamp=valeur).</doc>
<arguments>
<arg>${PARAM_XL.path2XlFile}</arg>
<arg>${PARAM_XL.sheetName}</arg>
<arg>${myRowIndex}</arg>
<arg>${myHeaderRowIndex}</arg>
<arg>${PARAM_XL.firstDataColumnIndex}</arg>
</arguments>
<assign>
<var>${leParamXl}</var>
</assign>
<kw name="Compter Le Nombre De Colonnes De La Feuille Excel" library="excel">
<doc>Compter les colonnes de la feuille Excel.</doc>
<arguments>
<arg>${mySheet}</arg>
</arguments>
<assign>
<var>${nbCols}</var>
</assign>
<kw name="Get Column Count" library="XlsxLibrary">
<doc>Obtenir le nombre de colonne de la feuille du classeur.</doc>
<arguments>
<arg>${mySheet}</arg>
</arguments>
<assign>
<var>${colCount}</var>
</assign>
<msg timestamp="20190717 14:14:54.599" level="INFO">${colCount} = 25</msg>
<status status="PASS" starttime="20190717 14:14:54.598" endtime="20190717 14:14:54.599"></status>
</kw>
<msg timestamp="20190717 14:14:54.599" level="INFO">${nbCols} = 25</msg>
<status status="PASS" starttime="20190717 14:14:54.597" endtime="20190717 14:14:54.599"></status>
</kw>
<kw name="Create Dictionary" library="BuiltIn">
<doc>Creates and returns a dictionary based on the given ``items``.</doc>
<assign>
<var>${rowDict}</var>
</assign>
<msg timestamp="20190717 14:14:54.600" level="INFO">${rowDict} = {}</msg>
<status status="PASS" starttime="20190717 14:14:54.600" endtime="20190717 14:14:54.600"></status>
</kw>
<kw name="${colIndex} IN RANGE [ ${myFirstDataColumnIndex} | ${nbCols} ]" type="for">
<kw name="${colIndex} = 1" type="foritem">
<kw name="Obtenir La Valeur D'Une Cellule" library="excel">
<doc>Récupérer le contenu d'une cellule Excel avec ses coordonnées.</doc>
<arguments>
<arg>${mySheet}</arg>
<arg>${colIndex}</arg>
<arg>${myIndexHeaderRow}</arg>
</arguments>
<assign>
<var>${fieldName}</var>
</assign>
<kw name="Get Cell Value By Coordinate" library="XlsxLibrary">
<doc>Obtenir la valeur de la cellule avec ses coordonnees.</doc>
<arguments>
<arg>${mySheet}</arg>
<arg>${myRow}</arg>
<arg>${myColumn}</arg>
</arguments>
<assign>
<var>${value}</var>
</assign>
<msg timestamp="20190717 14:14:54.607" level="INFO">${value} = numero_rfc</msg>
<status status="PASS" starttime="20190717 14:14:54.604" endtime="20190717 14:14:54.607"></status>
</kw>
<kw name="Run Keyword And Return Status" library="BuiltIn">
<doc>Runs the given keyword with given arguments and returns the status as a Boolean value.</doc>
<arguments>
<arg>Should Be Equal</arg>
<arg>${value}</arg>
<arg>${None}</arg>
</arguments>
<assign>
<var>${isNone}</var>
</assign>
<kw name="Should Be Equal" library="BuiltIn">
<doc>Fails if the given objects are unequal.</doc>
<arguments>
<arg>${value}</arg>
<arg>${None}</arg>
</arguments>
<msg timestamp="20190717 14:14:54.609" level="INFO">Argument types are:
&lt;type 'unicode'&gt;
&lt;class 'NoneType'&gt;</msg>
<msg timestamp="20190717 14:14:54.610" level="FAIL">numero_rfc != None</msg>
<status status="FAIL" starttime="20190717 14:14:54.609" endtime="20190717 14:14:54.610"></status>
</kw>
<msg timestamp="20190717 14:14:54.610" level="INFO">${isNone} = False</msg>
<status status="PASS" starttime="20190717 14:14:54.608" endtime="20190717 14:14:54.610"></status>
</kw>
<kw name="Run Keyword If" library="BuiltIn">
<doc>Runs the given keyword with the given arguments, if ``condition`` is true.</doc>
<arguments>
<arg>${isNone}</arg>
<arg>Set Variable</arg>
<arg>${EMPTY}</arg>
<arg>ELSE</arg>
<arg>Convert to string</arg>
<arg>${value}</arg>
</arguments>
<assign>
<var>${returnValue}</var>
</assign>
<kw name="Convert To String" library="BuiltIn">
<doc>Converts the given item to a Unicode string.</doc>
<arguments>
<arg>${value}</arg>
</arguments>
<status status="PASS" starttime="20190717 14:14:54.612" endtime="20190717 14:14:54.612"></status>
</kw>
<msg timestamp="20190717 14:14:54.613" level="INFO">${returnValue} = numero_rfc</msg>
<status status="PASS" starttime="20190717 14:14:54.611" endtime="20190717 14:14:54.613"></status>
</kw>
<msg timestamp="20190717 14:14:54.613" level="INFO">${fieldName} = numero_rfc</msg>
<status status="PASS" starttime="20190717 14:14:54.602" endtime="20190717 14:14:54.613"></status>
</kw>
<kw name="Obtenir La Valeur D'Une Cellule" library="excel">
<doc>Récupérer le contenu d'une cellule Excel avec ses coordonnées.</doc>
<arguments>
<arg>${mySheet}</arg>
<arg>${colIndex}</arg>
<arg>${myIndexRow}</arg>
</arguments>
<assign>
<var>${fieldValue}</var>
</assign>
<kw name="Get Cell Value By Coordinate" library="XlsxLibrary">
<doc>Obtenir la valeur de la cellule avec ses coordonnees.</doc>
<arguments>
<arg>${mySheet}</arg>
<arg>${myRow}</arg>
<arg>${myColumn}</arg>
</arguments>
<assign>
<var>${value}</var>
</assign>
<msg timestamp="20190717 14:14:54.617" level="INFO">${value} = RFC-CT4-19-1725</msg>
<status status="PASS" starttime="20190717 14:14:54.615" endtime="20190717 14:14:54.617"></status>
</kw>
<kw name="Run Keyword And Return Status" library="BuiltIn">
<doc>Runs the given keyword with given arguments and returns the status as a Boolean value.</doc>
<arguments>
<arg>Should Be Equal</arg>
<arg>${value}</arg>
<arg>${None}</arg>
</arguments>
<assign>
<var>${isNone}</var>
</assign>
<kw name="Should Be Equal" library="BuiltIn">
<doc>Fails if the given objects are unequal.</doc>
<arguments>
<arg>${value}</arg>
<arg>${None}</arg>
</arguments>
<msg timestamp="20190717 14:14:54.619" level="INFO">Argument types are:
&lt;type 'unicode'&gt;
&lt;class 'NoneType'&gt;</msg>
<msg timestamp="20190717 14:14:54.619" level="FAIL">RFC-CT4-19-1725 != None</msg>
<status status="FAIL" starttime="20190717 14:14:54.618" endtime="20190717 14:14:54.620"></status>
</kw>
<msg timestamp="20190717 14:14:54.620" level="INFO">${isNone} = False</msg>
<status status="PASS" starttime="20190717 14:14:54.618" endtime="20190717 14:14:54.620"></status>
</kw>
<kw name="Run Keyword If" library="BuiltIn">
<doc>Runs the given keyword with the given arguments, if ``condition`` is true.</doc>
<arguments>
<arg>${isNone}</arg>
<arg>Set Variable</arg>
[...]
<doc>Logs the given message with the given level.</doc>
<arguments>
<arg>${img}</arg>
</arguments>
<msg timestamp="20190717 14:15:16.197" level="INFO">['selenium-screenshot-1.png', 'selenium-screenshot-2.png', 'selenium-screenshot-3.png', 'selenium-screenshot-4.png']</msg>
<status status="PASS" starttime="20190717 14:15:16.197" endtime="20190717 14:15:16.198"></status>
</kw>
<kw name="Set Variable" library="BuiltIn">
<doc>Returns the given values which can then be assigned to a variables.</doc>
<arguments>
<arg>&lt;html&gt;&lt;header&gt;&lt;meta charset="utf-8" /&gt;&lt;title&gt;Rapport des captures&lt;/title&gt;&lt;/header&gt;&lt;body&gt;&lt;h1&gt;%{JOB_NAME}&lt;/h1&gt;&lt;br&gt;&lt;br&gt;&lt;h3&gt;Rapport des captures ayant ete prise par le robot&lt;/h3&gt;&lt;br&gt;&lt;br&gt;&lt;h3&gt;Execute sur : %{NODE_NAME}&lt;/h3&gt;&lt;br&gt;&lt;br&gt;</arg>
</arguments>
<assign>
<var>${html}</var>
</assign>
<msg timestamp="20190717 14:15:16.200" level="INFO">${html} = &lt;html&gt;&lt;header&gt;&lt;meta charset="utf-8" /&gt;&lt;title&gt;Rapport des captures&lt;/title&gt;&lt;/header&gt;&lt;body&gt;&lt;h1&gt;PEACH.traiterLaPartieBilanDUneRfc.YPORHEL&lt;/h1&gt;&lt;br&gt;&lt;br&gt;&lt;h3&gt;Rapport des captures ayant ete prise par le robot&lt;...</msg>
<status status="PASS" starttime="20190717 14:15:16.199" endtime="20190717 14:15:16.200"></status>
</kw>
<kw name="${ELEMENT} IN [ @{img} ]" type="for">
<kw name="${ELEMENT} = selenium-screenshot-1.png" type="foritem">
<kw name="Set Variable" library="BuiltIn">
<doc>Returns the given values which can then be assigned to a variables.</doc>
<arguments>
<arg>${html}&lt;br&gt;&lt;center&gt;&lt;b&gt;${ELEMENT}&lt;/b&gt;&lt;br&gt;&lt;br&gt;&lt;img src='${ELEMENT}' border="3"/&gt;&lt;br&gt;</arg>
</arguments>
<assign>
<var>${html}</var>
</assign>
<msg timestamp="20190717 14:15:16.205" level="INFO">${html} = &lt;html&gt;&lt;header&gt;&lt;meta charset="utf-8" /&gt;&lt;title&gt;Rapport des captures&lt;/title&gt;&lt;/header&gt;&lt;body&gt;&lt;h1&gt;PEACH.traiterLaPartieBilanDUneRfc.YPORHEL&lt;/h1&gt;&lt;br&gt;&lt;br&gt;&lt;h3&gt;Rapport des captures ayant ete prise par le robot&lt;...</msg>
<status status="PASS" starttime="20190717 14:15:16.204" endtime="20190717 14:15:16.205"></status>
</kw>
<status status="PASS" starttime="20190717 14:15:16.201" endtime="20190717 14:15:16.205"></status>
</kw>
<kw name="${ELEMENT} = selenium-screenshot-2.png" type="foritem">
<kw name="Set Variable" library="BuiltIn">
<doc>Returns the given values which can then be assigned to a variables.</doc>
<arguments>
<arg>${html}&lt;br&gt;&lt;center&gt;&lt;b&gt;${ELEMENT}&lt;/b&gt;&lt;br&gt;&lt;br&gt;&lt;img src='${ELEMENT}' border="3"/&gt;&lt;br&gt;</arg>
</arguments>
<assign>
<var>${html}</var>
</assign>
<msg timestamp="20190717 14:15:16.207" level="INFO">${html} = &lt;html&gt;&lt;header&gt;&lt;meta charset="utf-8" /&gt;&lt;title&gt;Rapport des captures&lt;/title&gt;&lt;/header&gt;&lt;body&gt;&lt;h1&gt;PEACH.traiterLaPartieBilanDUneRfc.YPORHEL&lt;/h1&gt;&lt;br&gt;&lt;br&gt;&lt;h3&gt;Rapport des captures ayant ete prise par le robot&lt;...</msg>
<status status="PASS" starttime="20190717 14:15:16.206" endtime="20190717 14:15:16.207"></status>
</kw>
<status status="PASS" starttime="20190717 14:15:16.205" endtime="20190717 14:15:16.207"></status>
</kw>
<kw name="${ELEMENT} = selenium-screenshot-3.png" type="foritem">
<kw name="Set Variable" library="BuiltIn">
<doc>Returns the given values which can then be assigned to a variables.</doc>
<arguments>
<arg>${html}&lt;br&gt;&lt;center&gt;&lt;b&gt;${ELEMENT}&lt;/b&gt;&lt;br&gt;&lt;br&gt;&lt;img src='${ELEMENT}' border="3"/&gt;&lt;br&gt;</arg>
</arguments>
<assign>
<var>${html}</var>
</assign>
<msg timestamp="20190717 14:15:16.209" level="INFO">${html} = &lt;html&gt;&lt;header&gt;&lt;meta charset="utf-8" /&gt;&lt;title&gt;Rapport des captures&lt;/title&gt;&lt;/header&gt;&lt;body&gt;&lt;h1&gt;PEACH.traiterLaPartieBilanDUneRfc.YPORHEL&lt;/h1&gt;&lt;br&gt;&lt;br&gt;&lt;h3&gt;Rapport des captures ayant ete prise par le robot&lt;...</msg>
<status status="PASS" starttime="20190717 14:15:16.208" endtime="20190717 14:15:16.209"></status>
</kw>
<status status="PASS" starttime="20190717 14:15:16.207" endtime="20190717 14:15:16.209"></status>
</kw>
<kw name="${ELEMENT} = selenium-screenshot-4.png" type="foritem">
<kw name="Set Variable" library="BuiltIn">
<doc>Returns the given values which can then be assigned to a variables.</doc>
<arguments>
<arg>${html}&lt;br&gt;&lt;center&gt;&lt;b&gt;${ELEMENT}&lt;/b&gt;&lt;br&gt;&lt;br&gt;&lt;img src='${ELEMENT}' border="3"/&gt;&lt;br&gt;</arg>
</arguments>
<assign>
<var>${html}</var>
</assign>
<msg timestamp="20190717 14:15:16.210" level="INFO">${html} = &lt;html&gt;&lt;header&gt;&lt;meta charset="utf-8" /&gt;&lt;title&gt;Rapport des captures&lt;/title&gt;&lt;/header&gt;&lt;body&gt;&lt;h1&gt;PEACH.traiterLaPartieBilanDUneRfc.YPORHEL&lt;/h1&gt;&lt;br&gt;&lt;br&gt;&lt;h3&gt;Rapport des captures ayant ete prise par le robot&lt;...</msg>
<status status="PASS" starttime="20190717 14:15:16.210" endtime="20190717 14:15:16.211"></status>
</kw>
<status status="PASS" starttime="20190717 14:15:16.209" endtime="20190717 14:15:16.211"></status>
</kw>
<status status="PASS" starttime="20190717 14:15:16.200" endtime="20190717 14:15:16.211"></status>
</kw>
<kw name="Set Variable" library="BuiltIn">
<doc>Returns the given values which can then be assigned to a variables.</doc>
<arguments>
<arg>${html}&lt;/body&gt;&lt;/html&gt;</arg>
</arguments>
<assign>
<var>${html}</var>
</assign>
<msg timestamp="20190717 14:15:16.212" level="INFO">${html} = &lt;html&gt;&lt;header&gt;&lt;meta charset="utf-8" /&gt;&lt;title&gt;Rapport des captures&lt;/title&gt;&lt;/header&gt;&lt;body&gt;&lt;h1&gt;PEACH.traiterLaPartieBilanDUneRfc.YPORHEL&lt;/h1&gt;&lt;br&gt;&lt;br&gt;&lt;h3&gt;Rapport des captures ayant ete prise par le robot&lt;...</msg>
<status status="PASS" starttime="20190717 14:15:16.211" endtime="20190717 14:15:16.212"></status>
</kw>
<kw name="Create File" library="OperatingSystem">
<doc>Creates a file with the given content and encoding.</doc>
<arguments>
<arg>%{WORKSPACE}/captureViewer.html</arg>
<arg>content=${html}</arg>
</arguments>
<msg timestamp="20190717 14:15:16.215" level="INFO" html="yes">Created file '&lt;a href="file://C:\robot\run\jenkins-slave\workspace\PEACH.traiterLaPartieBilanDUneRfc.YPORHEL\captureViewer.html"&gt;C:\robot\run\jenkins-slave\workspace\PEACH.traiterLaPartieBilanDUneRfc.YPORHEL\captureViewer.html&lt;/a&gt;'.</msg>
<status status="PASS" starttime="20190717 14:15:16.212" endtime="20190717 14:15:16.216"></status>
</kw>
<kw name="Info" library="log">
<doc>Créer un log d'information.</doc>
<arguments>
<arg>\nPour acceder aux captures d ecran faites par le robot cliquez sur le lien ci dessous :</arg>
</arguments>
<kw name="Mettre En Couleur" library="log">
<doc>Mettre un log en couleur dans la console durant l'exécution.</doc>
<arguments>
<arg>cyan</arg>
<arg>${myMessage}</arg>
<arg>INFO</arg>
</arguments>
<kw name="Evaluate" library="BuiltIn">
<doc>Evaluates the given expression in Python and returns the results.</doc>
<arguments>
<arg>${LOG_COLORS.${myColor}}</arg>
</arguments>
<assign>
<var>${e_color}</var>
</assign>
<msg timestamp="20190717 14:15:16.219" level="INFO">${e_color} = [36m</msg>
<status status="PASS" starttime="20190717 14:15:16.218" endtime="20190717 14:15:16.219"></status>
</kw>
<kw name="Evaluate" library="BuiltIn">
<doc>Evaluates the given expression in Python and returns the results.</doc>
<arguments>
<arg>${LOG_COLORS.normal}</arg>
</arguments>
<assign>
<var>${default}</var>
</assign>
<msg timestamp="20190717 14:15:16.220" level="INFO">${default} = [0m</msg>
<status status="PASS" starttime="20190717 14:15:16.219" endtime="20190717 14:15:16.220"></status>
</kw>
<kw name="Obtenir Timestamp" library="log">
<doc>Obtenir l'heure courante.</doc>
<assign>
<var>${date}</var>
</assign>
<kw name="Get Current Date" library="DateTime">
<doc>Returns current local or UTC time with an optional increment.</doc>
<arguments>
<arg>result_format=%Y-%m-%d %H:%M:%S</arg>
</arguments>
<assign>
<var>${timeStamp}</var>
</assign>
<msg timestamp="20190717 14:15:16.221" level="INFO">${timeStamp} = 2019-07-17 14:15:16</msg>
<status status="PASS" starttime="20190717 14:15:16.221" endtime="20190717 14:15:16.221"></status>
</kw>
<msg timestamp="20190717 14:15:16.222" level="INFO">${date} = 2019-07-17 14:15:16</msg>
<status status="PASS" starttime="20190717 14:15:16.220" endtime="20190717 14:15:16.222"></status>
</kw>
<kw name="Set Variable" library="BuiltIn">
<doc>Returns the given values which can then be assigned to a variables.</doc>
<arguments>
<arg>${date} [${e_color}${myLevel}${default}] ${e_color}${myMessage}${default}</arg>
</arguments>
<assign>
<var>${log}</var>
</assign>
<msg timestamp="20190717 14:15:16.224" level="INFO">${log} = 2019-07-17 14:15:16 [[36mINFO[0m] [36m
Pour acceder aux captures d ecran faites par le robot cliquez sur le lien ci dessous :[0m</msg>
<status status="PASS" starttime="20190717 14:15:16.222" endtime="20190717 14:15:16.224"></status>
</kw>
<kw name="Set Variable If" library="BuiltIn">
<doc>Sets variable based on the given condition.</doc>
<arguments>
<arg>'${myLevel}'=='SUCCESS'</arg>
<arg>INFO</arg>
<arg>${myLevel}</arg>
</arguments>
<assign>
<var>${RF_level}</var>
</assign>
<msg timestamp="20190717 14:15:16.226" level="INFO">${RF_level} = INFO</msg>
<status status="PASS" starttime="20190717 14:15:16.225" endtime="20190717 14:15:16.226"></status>
</kw>
<kw name="Log" library="BuiltIn">
<doc>Logs the given message with the given level.</doc>
<arguments>
<arg>${log}</arg>
<arg>level=${RF_level}</arg>
<arg>html=true</arg>
<arg>console=true</arg>
</arguments>
<msg timestamp="20190717 14:15:16.229" level="INFO" html="yes">2019-07-17 14:15:16 [[36mINFO[0m] [36m
Pour acceder aux captures d ecran faites par le robot cliquez sur le lien ci dessous :[0m</msg>
<status status="PASS" starttime="20190717 14:15:16.228" endtime="20190717 14:15:16.230"></status>
</kw>
<status status="PASS" starttime="20190717 14:15:16.217" endtime="20190717 14:15:16.230"></status>
</kw>
<status status="PASS" starttime="20190717 14:15:16.216" endtime="20190717 14:15:16.230"></status>
</kw>
<kw name="Info" library="log">
<doc>Créer un log d'information.</doc>
<arguments>
<arg>%{JENKINS_URL}job/%{JOB_NAME}/%{BUILD_NUMBER}/robot/report/captureViewer.html</arg>
</arguments>
<kw name="Mettre En Couleur" library="log">
<doc>Mettre un log en couleur dans la console durant l'exécution.</doc>
<arguments>
<arg>cyan</arg>
<arg>${myMessage}</arg>
<arg>INFO</arg>
</arguments>
<kw name="Evaluate" library="BuiltIn">
<doc>Evaluates the given expression in Python and returns the results.</doc>
<arguments>
<arg>${LOG_COLORS.${myColor}}</arg>
</arguments>
<assign>
<var>${e_color}</var>
</assign>
<msg timestamp="20190717 14:15:16.236" level="INFO">${e_color} = [36m</msg>
<status status="PASS" starttime="20190717 14:15:16.235" endtime="20190717 14:15:16.236"></status>
</kw>
<kw name="Evaluate" library="BuiltIn">
<doc>Evaluates the given expression in Python and returns the results.</doc>
<arguments>
<arg>${LOG_COLORS.normal}</arg>
</arguments>
<assign>
<var>${default}</var>
</assign>
<msg timestamp="20190717 14:15:16.239" level="INFO">${default} = [0m</msg>
<status status="PASS" starttime="20190717 14:15:16.238" endtime="20190717 14:15:16.239"></status>
</kw>
<kw name="Obtenir Timestamp" library="log">
<doc>Obtenir l'heure courante.</doc>
<assign>
<var>${date}</var>
</assign>
<kw name="Get Current Date" library="DateTime">
<doc>Returns current local or UTC time with an optional increment.</doc>
<arguments>
<arg>result_format=%Y-%m-%d %H:%M:%S</arg>
</arguments>
<assign>
<var>${timeStamp}</var>
</assign>
<msg timestamp="20190717 14:15:16.241" level="INFO">${timeStamp} = 2019-07-17 14:15:16</msg>
<status status="PASS" starttime="20190717 14:15:16.241" endtime="20190717 14:15:16.241"></status>
</kw>
<msg timestamp="20190717 14:15:16.242" level="INFO">${date} = 2019-07-17 14:15:16</msg>
<status status="PASS" starttime="20190717 14:15:16.239" endtime="20190717 14:15:16.242"></status>
</kw>
<kw name="Set Variable" library="BuiltIn">
<doc>Returns the given values which can then be assigned to a variables.</doc>
<arguments>
<arg>${date} [${e_color}${myLevel}${default}] ${e_color}${myMessage}${default}</arg>
</arguments>
<assign>
<var>${log}</var>
</assign>
<msg timestamp="20190717 14:15:16.243" level="INFO">${log} = 2019-07-17 14:15:16 [[36mINFO[0m] [36mhttp://gate6639.enedis.fr:8180/jenkins/job/PEACH.traiterLaPartieBilanDUneRfc.YPORHEL/1/robot/report/captureViewer.html[0m</msg>
<status status="PASS" starttime="20190717 14:15:16.242" endtime="20190717 14:15:16.243"></status>
</kw>
<kw name="Set Variable If" library="BuiltIn">
<doc>Sets variable based on the given condition.</doc>
<arguments>
<arg>'${myLevel}'=='SUCCESS'</arg>
<arg>INFO</arg>
<arg>${myLevel}</arg>
</arguments>
<assign>
<var>${RF_level}</var>
</assign>
<msg timestamp="20190717 14:15:16.245" level="INFO">${RF_level} = INFO</msg>
<status status="PASS" starttime="20190717 14:15:16.244" endtime="20190717 14:15:16.245"></status>
</kw>
<kw name="Log" library="BuiltIn">
<doc>Logs the given message with the given level.</doc>
<arguments>
<arg>${log}</arg>
<arg>level=${RF_level}</arg>
<arg>html=true</arg>
<arg>console=true</arg>
</arguments>
<msg timestamp="20190717 14:15:16.247" level="INFO" html="yes">2019-07-17 14:15:16 [[36mINFO[0m] [36mhttp://gate6639.enedis.fr:8180/jenkins/job/PEACH.traiterLaPartieBilanDUneRfc.YPORHEL/1/robot/report/captureViewer.html[0m</msg>
<status status="PASS" starttime="20190717 14:15:16.246" endtime="20190717 14:15:16.247"></status>
</kw>
<status status="PASS" starttime="20190717 14:15:16.234" endtime="20190717 14:15:16.247"></status>
</kw>
<status status="PASS" starttime="20190717 14:15:16.231" endtime="20190717 14:15:16.248"></status>
</kw>
<status status="PASS" starttime="20190717 14:15:16.191" endtime="20190717 14:15:16.248"></status>
</kw>
<doc>Parcours de traitement de la partie Bilan d'une RFC afin de la finaliser.</doc>
<tags>
<tag>BILAN</tag>
<tag>NR</tag>
</tags>
<status status="FAIL" starttime="20190717 14:14:40.477" endtime="20190717 14:15:16.248" critical="yes">ElementClickInterceptedException: Message: Element &lt;button id="valid" class="msi-ui-button msi-ui-light-green" name="valid" type="submit"&gt; is not clickable at point (82,576) because another element &lt;div class="ui-widget-overlay ui-front"&gt; obscures it
</status>
</test>
<kw name="Fermer Tous Les Navigateurs" library="web" type="teardown">
<doc>Fermer tous les navigateurs ouverts.</doc>
<kw name="Sur Mon Navigateur" library="web">
<doc>Aiguillage en fonction de la variable Jenkins MY_DEVICE.</doc>
<arguments>
<arg>Fermer Tous Les Navigateurs</arg>
</arguments>
<kw name="Get Environment Variable" library="OperatingSystem">
<doc>Returns the value of an environment variable with the given name.</doc>
<arguments>
<arg>MY_DEVICE</arg>
<arg>default=PC</arg>
</arguments>
<assign>
<var>${theDevice}</var>
</assign>
<msg timestamp="20190717 14:15:16.253" level="INFO">${theDevice} = PC</msg>
<status status="PASS" starttime="20190717 14:15:16.253" endtime="20190717 14:15:16.253"></status>
</kw>
<kw name="Run Keyword And Ignore Error" library="BuiltIn">
<doc>Runs the given keyword with the given arguments and ignores possible error.</doc>
<arguments>
<arg>Get From Dictionary</arg>
<arg>${TAAP_DEVICES}</arg>
<arg>${theDevice}libraryName</arg>
</arguments>
<assign>
<var>${passed}</var>
<var>${libraryName}</var>
</assign>
<kw name="Get From Dictionary" library="Collections">
<doc>Returns a value from the given ``dictionary`` based on the given ``key``.</doc>
<arguments>
<arg>${TAAP_DEVICES}</arg>
<arg>${theDevice}libraryName</arg>
</arguments>
<status status="PASS" starttime="20190717 14:15:16.255" endtime="20190717 14:15:16.256"></status>
</kw>
<msg timestamp="20190717 14:15:16.256" level="INFO">${passed} = PASS</msg>
<msg timestamp="20190717 14:15:16.256" level="INFO">${libraryName} = selenium</msg>
<status status="PASS" starttime="20190717 14:15:16.254" endtime="20190717 14:15:16.256"></status>
</kw>
<kw name="Set Variable If" library="BuiltIn">
<doc>Sets variable based on the given condition.</doc>
<arguments>
<arg>'${passed}'=='PASS'</arg>
<arg>${libraryName}</arg>
<arg>selenium</arg>
</arguments>
<assign>
<var>${libraryName}</var>
</assign>
<msg timestamp="20190717 14:15:16.258" level="INFO">${libraryName} = selenium</msg>
<status status="PASS" starttime="20190717 14:15:16.257" endtime="20190717 14:15:16.258"></status>
</kw>
<kw name="Run Keyword" library="BuiltIn">
<doc>Executes the given keyword with the given arguments.</doc>
<arguments>
<arg>${libraryName}.${myKeyword}</arg>
<arg>@{myVarargs}</arg>
</arguments>
<assign>
<var>${returnValue}</var>
</assign>
<kw name="Fermer Tous Les Navigateurs" library="selenium">
<doc>Fermer tous les navigateurs ouverts.</doc>
<arguments>
<arg>@{myVarargs}</arg>
</arguments>
<kw name="Close All Browsers" library="SeleniumLibrary">
<doc>Closes all open browsers and resets the browser cache.</doc>
<status status="PASS" starttime="20190717 14:15:16.261" endtime="20190717 14:15:20.557"></status>
</kw>
<kw name="Run Keyword And Ignore Error" library="BuiltIn">
<doc>Runs the given keyword with the given arguments and ignores possible error.</doc>
<arguments>
<arg>Get Length</arg>
<arg>${WEB_PROXY_AUTH.path2profile}</arg>
</arguments>
<assign>
<var>${passed}</var>
<var>${length}</var>
</assign>
<kw name="Get Length" library="BuiltIn">
<doc>Returns and logs the length of the given item as an integer.</doc>
<arguments>
<arg>${WEB_PROXY_AUTH.path2profile}</arg>
</arguments>
<msg timestamp="20190717 14:15:20.558" level="INFO">Length is 0</msg>
<status status="PASS" starttime="20190717 14:15:20.558" endtime="20190717 14:15:20.558"></status>
</kw>
<msg timestamp="20190717 14:15:20.558" level="INFO">${passed} = PASS</msg>
<msg timestamp="20190717 14:15:20.559" level="INFO">${length} = 0</msg>
<status status="PASS" starttime="20190717 14:15:20.557" endtime="20190717 14:15:20.559"></status>
</kw>
<kw name="Set Variable If" library="BuiltIn">
<doc>Sets variable based on the given condition.</doc>
<arguments>
<arg>'${passed}'=='FAIL'</arg>
<arg>0</arg>
<arg>${length}</arg>
</arguments>
<assign>
<var>${isSet}</var>
</assign>
<msg timestamp="20190717 14:15:20.559" level="INFO">${isSet} = 0</msg>
<status status="PASS" starttime="20190717 14:15:20.559" endtime="20190717 14:15:20.559"></status>
</kw>
<kw name="Run Keyword If" library="BuiltIn">
<doc>Runs the given keyword with the given arguments, if ``condition`` is true.</doc>
<arguments>
<arg>${isSet} &gt; 0</arg>
<arg>Remove Directory</arg>
<arg>${WEB_PROXY_AUTH.path2profile}</arg>
<arg>recursive=${TRUE}</arg>
</arguments>
<status status="PASS" starttime="20190717 14:15:20.560" endtime="20190717 14:15:20.561"></status>
</kw>
<status status="PASS" starttime="20190717 14:15:16.260" endtime="20190717 14:15:20.561"></status>
</kw>
<msg timestamp="20190717 14:15:20.561" level="INFO">${returnValue} = None</msg>
<status status="PASS" starttime="20190717 14:15:16.259" endtime="20190717 14:15:20.561"></status>
</kw>
<status status="PASS" starttime="20190717 14:15:16.252" endtime="20190717 14:15:20.562"></status>
</kw>
<status status="PASS" starttime="20190717 14:15:16.252" endtime="20190717 14:15:20.562"></status>
</kw>
<doc>Tests automatiques acceptance Peach

*Argument :*
- ``myJenkins`` La valeur dans la liste job Jenkins</doc>
<status status="FAIL" starttime="20190717 14:14:38.260" endtime="20190717 14:15:20.562"></status>
</suite>
<statistics>
<total>
<stat pass="0" fail="1">Critical Tests</stat>
<stat pass="0" fail="1">All Tests</stat>
</total>
<tag>
<stat pass="0" fail="1">BILAN</stat>
<stat pass="0" fail="1">NR</stat>
</tag>
<suite>
<stat pass="0" fail="1" id="s1" name="Peach">Peach</stat>
</suite>
</statistics>
<errors>
</errors>
</robot>
