<?xml version="1.0" encoding="UTF-8"?>
<robot generator="Robot 3.1.2 (Python 3.7.4 on win32)" generated="20190904 19:12:54.392" rpa="false">
<suite id="s1" name="reserverUnBilletDeTrain" source="C:\Users\yodur\OneDrive\Documents\GitHub\Robot_Framework\deploy\SNCF\suites\reserverUnBilletDeTrain.robot">
<test id="s1-t1" name="Reserver Un Billet De Train">
<kw name="Ouvrir Le Site SNCF" library="pageAccueil">
<doc>Parcours permettant d'accéder au site SNCF</doc>
<kw name="Open Browser" library="SeleniumLibrary">
<doc>Opens a new browser instance to the given ``url``.</doc>
<arguments>
<arg>https://www.sncf.com/fr</arg>
</arguments>
<msg timestamp="20190904 19:12:58.407" level="INFO">Opening browser 'firefox' to base url 'https://www.sncf.com/fr'.</msg>
<status status="PASS" starttime="20190904 19:12:58.407" endtime="20190904 19:14:21.655"></status>
</kw>
<kw name="Page Should Contain" library="SeleniumLibrary">
<doc>Verifies that current page contains ``text``.</doc>
<arguments>
<arg>Menu</arg>
</arguments>
<msg timestamp="20190904 19:14:22.264" level="INFO">Current page contains text 'Menu'.</msg>
<status status="PASS" starttime="20190904 19:14:21.655" endtime="20190904 19:14:22.264"></status>
</kw>
<kw name="Log" library="BuiltIn">
<doc>Logs the given message with the given level.</doc>
<arguments>
<arg>JE SUIS SUR LA PAGE DE LA SNCF</arg>
</arguments>
<msg timestamp="20190904 19:14:22.264" level="INFO">JE SUIS SUR LA PAGE DE LA SNCF</msg>
<status status="PASS" starttime="20190904 19:14:22.264" endtime="20190904 19:14:22.264"></status>
</kw>
<status status="PASS" starttime="20190904 19:12:58.403" endtime="20190904 19:14:22.264"></status>
</kw>
<kw name="Renseigner Les Criteres De Recherche" library="pageAccueil">
<doc>Renseigner les villes et valider</doc>
<kw name="Input Text" library="SeleniumLibrary">
<doc>Types the given ``text`` into text field identified by ``locator``.</doc>
<arguments>
<arg>id=departure-place</arg>
<arg>Rennes</arg>
</arguments>
<msg timestamp="20190904 19:14:22.293" level="INFO">Typing text 'Rennes' into text field 'id=departure-place'.</msg>
<status status="PASS" starttime="20190904 19:14:22.293" endtime="20190904 19:14:24.478"></status>
</kw>
<kw name="Input Text" library="SeleniumLibrary">
<doc>Types the given ``text`` into text field identified by ``locator``.</doc>
<arguments>
<arg>id=arrival-place</arg>
<arg>Le Mans</arg>
</arguments>
<msg timestamp="20190904 19:14:24.478" level="INFO">Typing text 'Le Mans' into text field 'id=arrival-place'.</msg>
<status status="PASS" starttime="20190904 19:14:24.478" endtime="20190904 19:14:25.493"></status>
</kw>
<kw name="Click Button" library="SeleniumLibrary">
<doc>Clicks button identified by ``locator``.</doc>
<arguments>
<arg>${BOUTON_RECHERCHER}</arg>
</arguments>
<msg timestamp="20190904 19:14:25.493" level="INFO">Clicking button '//button[text()='Rechercher']'.</msg>
<kw name="Capture Page Screenshot" library="SeleniumLibrary">
<doc>Takes screenshot of the current page and embeds it into log file.</doc>
<msg timestamp="20190904 19:14:28.103" level="INFO" html="yes">&lt;/td&gt;&lt;/tr&gt;&lt;tr&gt;&lt;td colspan="3"&gt;&lt;a href="selenium-screenshot-1.png"&gt;&lt;img src="selenium-screenshot-1.png" width="800px"&gt;&lt;/a&gt;</msg>
<status status="PASS" starttime="20190904 19:14:26.587" endtime="20190904 19:14:28.103"></status>
</kw>
<msg timestamp="20190904 19:14:32.134" level="FAIL">ElementNotInteractableException: Message: Element &lt;button class="btn btn-default btn-block search-filter-form-simple-btn" type="submit"&gt; could not be scrolled into view
</msg>
<status status="FAIL" starttime="20190904 19:14:25.493" endtime="20190904 19:14:32.134"></status>
</kw>
<status status="FAIL" starttime="20190904 19:14:22.293" endtime="20190904 19:14:32.149"></status>
</kw>
<doc>Parcours afin de réserver un billet de train sur le site SNCF</doc>
<status status="FAIL" starttime="20190904 19:12:58.399" endtime="20190904 19:14:32.160" critical="yes">ElementNotInteractableException: Message: Element &lt;button class="btn btn-default btn-block search-filter-form-simple-btn" type="submit"&gt; could not be scrolled into view
</status>
</test>
<status status="FAIL" starttime="20190904 19:12:54.392" endtime="20190904 19:14:33.027"></status>
</suite>
<statistics>
<total>
<stat pass="0" fail="1">Critical Tests</stat>
<stat pass="0" fail="1">All Tests</stat>
</total>
<tag>
</tag>
<suite>
<stat pass="0" fail="1" id="s1" name="reserverUnBilletDeTrain">reserverUnBilletDeTrain</stat>
</suite>
</statistics>
<errors>
</errors>
</robot>
